mode: atomic
github.com/prism/patterns/multicast_registry/backends/nats_messaging.go:19.79,20.23 1 9
github.com/prism/patterns/multicast_registry/backends/nats_messaging.go:20.23,22.3 1 0
github.com/prism/patterns/multicast_registry/backends/nats_messaging.go:25.2,30.16 2 9
github.com/prism/patterns/multicast_registry/backends/nats_messaging.go:30.16,32.3 1 0
github.com/prism/patterns/multicast_registry/backends/nats_messaging.go:34.2,37.8 1 9
github.com/prism/patterns/multicast_registry/backends/nats_messaging.go:41.97,42.55 1 9
github.com/prism/patterns/multicast_registry/backends/nats_messaging.go:42.55,44.3 1 0
github.com/prism/patterns/multicast_registry/backends/nats_messaging.go:47.2,47.37 1 9
github.com/prism/patterns/multicast_registry/backends/nats_messaging.go:51.100,56.49 3 6
github.com/prism/patterns/multicast_registry/backends/nats_messaging.go:56.49,58.3 1 0
github.com/prism/patterns/multicast_registry/backends/nats_messaging.go:61.2,64.58 2 6
github.com/prism/patterns/multicast_registry/backends/nats_messaging.go:64.58,65.10 1 9
github.com/prism/patterns/multicast_registry/backends/nats_messaging.go:66.28,66.28 0 9
github.com/prism/patterns/multicast_registry/backends/nats_messaging.go:68.21,70.10 1 0
github.com/prism/patterns/multicast_registry/backends/nats_messaging.go:71.11,71.11 0 0
github.com/prism/patterns/multicast_registry/backends/nats_messaging.go:76.2,76.16 1 6
github.com/prism/patterns/multicast_registry/backends/nats_messaging.go:76.16,79.3 2 0
github.com/prism/patterns/multicast_registry/backends/nats_messaging.go:81.2,84.12 2 6
github.com/prism/patterns/multicast_registry/backends/nats_messaging.go:84.12,88.3 3 6
github.com/prism/patterns/multicast_registry/backends/nats_messaging.go:90.2,90.21 1 6
github.com/prism/patterns/multicast_registry/backends/nats_messaging.go:94.85,99.13 4 6
github.com/prism/patterns/multicast_registry/backends/nats_messaging.go:99.13,102.3 1 5
github.com/prism/patterns/multicast_registry/backends/nats_messaging.go:104.2,104.42 1 1
github.com/prism/patterns/multicast_registry/backends/nats_messaging.go:104.42,106.3 1 0
github.com/prism/patterns/multicast_registry/backends/nats_messaging.go:108.2,109.12 2 1
github.com/prism/patterns/multicast_registry/backends/nats_messaging.go:113.46,118.38 3 10
github.com/prism/patterns/multicast_registry/backends/nats_messaging.go:118.38,120.3 1 5
github.com/prism/patterns/multicast_registry/backends/nats_messaging.go:121.2,125.12 3 10
github.com/prism/patterns/multicast_registry/backends/nats_messaging.go:129.58,130.26 1 2
github.com/prism/patterns/multicast_registry/backends/nats_messaging.go:130.26,132.3 1 1
github.com/prism/patterns/multicast_registry/backends/nats_messaging.go:133.2,133.29 1 1
github.com/prism/patterns/multicast_registry/backends/nats_messaging.go:133.29,135.3 1 0
github.com/prism/patterns/multicast_registry/backends/nats_messaging.go:136.2,136.23 1 1
github.com/prism/patterns/multicast_registry/backends/nats_messaging.go:136.23,138.3 1 1
github.com/prism/patterns/multicast_registry/backends/nats_messaging.go:139.2,139.18 1 0
github.com/prism/patterns/multicast_registry/backends/redis_registry.go:19.114,20.18 1 7
github.com/prism/patterns/multicast_registry/backends/redis_registry.go:20.18,22.3 1 0
github.com/prism/patterns/multicast_registry/backends/redis_registry.go:24.2,34.47 4 7
github.com/prism/patterns/multicast_registry/backends/redis_registry.go:34.47,36.3 1 0
github.com/prism/patterns/multicast_registry/backends/redis_registry.go:38.2,41.8 1 7
github.com/prism/patterns/multicast_registry/backends/redis_registry.go:45.132,50.16 3 8
github.com/prism/patterns/multicast_registry/backends/redis_registry.go:50.16,52.3 1 0
github.com/prism/patterns/multicast_registry/backends/redis_registry.go:55.2,62.13 3 8
github.com/prism/patterns/multicast_registry/backends/redis_registry.go:62.13,65.3 2 2
github.com/prism/patterns/multicast_registry/backends/redis_registry.go:68.2,68.62 1 8
github.com/prism/patterns/multicast_registry/backends/redis_registry.go:68.62,70.3 1 0
github.com/prism/patterns/multicast_registry/backends/redis_registry.go:73.2,73.13 1 8
github.com/prism/patterns/multicast_registry/backends/redis_registry.go:73.13,74.62 1 2
github.com/prism/patterns/multicast_registry/backends/redis_registry.go:74.62,76.4 1 0
github.com/prism/patterns/multicast_registry/backends/redis_registry.go:79.2,79.12 1 8
github.com/prism/patterns/multicast_registry/backends/redis_registry.go:83.93,88.16 3 5
github.com/prism/patterns/multicast_registry/backends/redis_registry.go:88.16,90.3 1 0
github.com/prism/patterns/multicast_registry/backends/redis_registry.go:92.2,92.22 1 5
github.com/prism/patterns/multicast_registry/backends/redis_registry.go:92.22,94.3 1 3
github.com/prism/patterns/multicast_registry/backends/redis_registry.go:97.2,97.32 1 2
github.com/prism/patterns/multicast_registry/backends/redis_registry.go:101.79,106.6 3 2
github.com/prism/patterns/multicast_registry/backends/redis_registry.go:106.6,108.17 2 2
github.com/prism/patterns/multicast_registry/backends/redis_registry.go:108.17,110.4 1 0
github.com/prism/patterns/multicast_registry/backends/redis_registry.go:113.3,113.28 1 2
github.com/prism/patterns/multicast_registry/backends/redis_registry.go:113.28,115.18 2 4
github.com/prism/patterns/multicast_registry/backends/redis_registry.go:115.18,116.13 1 0
github.com/prism/patterns/multicast_registry/backends/redis_registry.go:119.4,119.24 1 4
github.com/prism/patterns/multicast_registry/backends/redis_registry.go:119.24,120.13 1 0
github.com/prism/patterns/multicast_registry/backends/redis_registry.go:123.4,124.18 2 4
github.com/prism/patterns/multicast_registry/backends/redis_registry.go:124.18,125.13 1 0
github.com/prism/patterns/multicast_registry/backends/redis_registry.go:129.4,129.74 1 4
github.com/prism/patterns/multicast_registry/backends/redis_registry.go:129.74,130.13 1 0
github.com/prism/patterns/multicast_registry/backends/redis_registry.go:133.4,133.45 1 4
github.com/prism/patterns/multicast_registry/backends/redis_registry.go:136.3,137.18 2 2
github.com/prism/patterns/multicast_registry/backends/redis_registry.go:137.18,138.9 1 2
github.com/prism/patterns/multicast_registry/backends/redis_registry.go:142.2,142.24 1 2
github.com/prism/patterns/multicast_registry/backends/redis_registry.go:146.83,149.2 2 1
github.com/prism/patterns/multicast_registry/backends/redis_registry.go:152.100,157.2 1 1
github.com/prism/patterns/multicast_registry/backends/redis_registry.go:160.46,162.2 1 7
github.com/prism/patterns/multicast_registry/backends/redis_registry.go:165.89,171.45 2 6
github.com/prism/patterns/multicast_registry/backends/redis_registry.go:171.45,173.72 2 6
github.com/prism/patterns/multicast_registry/backends/redis_registry.go:173.72,175.4 1 0
github.com/prism/patterns/multicast_registry/backends/redis_registry.go:176.3,176.31 1 6
github.com/prism/patterns/multicast_registry/backends/redis_registry.go:180.2,180.54 1 6
github.com/prism/patterns/multicast_registry/backends/redis_registry.go:180.54,184.3 3 6
github.com/prism/patterns/multicast_registry/backends/redis_registry.go:187.2,187.48 1 6
github.com/prism/patterns/multicast_registry/backends/redis_registry.go:187.48,192.3 4 1
github.com/prism/patterns/multicast_registry/backends/redis_registry.go:194.2,194.22 1 6
github.com/prism/patterns/multicast_registry/backends/types.go:26.59,30.2 1 1
github.com/prism/patterns/multicast_registry/backends/types.go:33.64,34.40 1 0
github.com/prism/patterns/multicast_registry/backends/types.go:34.40,36.3 1 0
github.com/prism/patterns/multicast_registry/backends/types.go:39.2,39.47 1 0
github.com/prism/patterns/multicast_registry/backends/types.go:39.47,41.14 2 0
github.com/prism/patterns/multicast_registry/backends/types.go:41.14,43.4 1 0
github.com/prism/patterns/multicast_registry/backends/types.go:45.3,45.35 1 0
github.com/prism/patterns/multicast_registry/backends/types.go:45.35,47.4 1 0
github.com/prism/patterns/multicast_registry/backends/types.go:50.2,50.13 1 0
github.com/prism/patterns/multicast_registry/filter/ast.go:15.71,17.13 2 20
github.com/prism/patterns/multicast_registry/filter/ast.go:17.13,19.3 1 1
github.com/prism/patterns/multicast_registry/filter/ast.go:20.2,20.32 1 19
github.com/prism/patterns/multicast_registry/filter/ast.go:29.71,31.13 2 2
github.com/prism/patterns/multicast_registry/filter/ast.go:31.13,33.3 1 0
github.com/prism/patterns/multicast_registry/filter/ast.go:34.2,34.33 1 2
github.com/prism/patterns/multicast_registry/filter/ast.go:43.71,45.13 2 6
github.com/prism/patterns/multicast_registry/filter/ast.go:45.13,47.3 1 0
github.com/prism/patterns/multicast_registry/filter/ast.go:48.2,48.34 1 6
github.com/prism/patterns/multicast_registry/filter/ast.go:57.74,59.13 2 2
github.com/prism/patterns/multicast_registry/filter/ast.go:59.13,61.3 1 0
github.com/prism/patterns/multicast_registry/filter/ast.go:62.2,62.61 1 2
github.com/prism/patterns/multicast_registry/filter/ast.go:71.74,73.13 2 5
github.com/prism/patterns/multicast_registry/filter/ast.go:73.13,75.3 1 0
github.com/prism/patterns/multicast_registry/filter/ast.go:76.2,76.37 1 5
github.com/prism/patterns/multicast_registry/filter/ast.go:85.77,87.13 2 1
github.com/prism/patterns/multicast_registry/filter/ast.go:87.13,89.3 1 0
github.com/prism/patterns/multicast_registry/filter/ast.go:90.2,90.64 1 1
github.com/prism/patterns/multicast_registry/filter/ast.go:99.73,101.13 2 3
github.com/prism/patterns/multicast_registry/filter/ast.go:101.13,103.3 1 0
github.com/prism/patterns/multicast_registry/filter/ast.go:104.2,105.9 2 3
github.com/prism/patterns/multicast_registry/filter/ast.go:105.9,107.3 1 1
github.com/prism/patterns/multicast_registry/filter/ast.go:108.2,108.69 1 2
github.com/prism/patterns/multicast_registry/filter/ast.go:117.71,119.13 2 2
github.com/prism/patterns/multicast_registry/filter/ast.go:119.13,121.3 1 0
github.com/prism/patterns/multicast_registry/filter/ast.go:122.2,123.9 2 2
github.com/prism/patterns/multicast_registry/filter/ast.go:123.9,125.3 1 0
github.com/prism/patterns/multicast_registry/filter/ast.go:126.2,126.78 1 2
github.com/prism/patterns/multicast_registry/filter/ast.go:135.71,137.13 2 3
github.com/prism/patterns/multicast_registry/filter/ast.go:137.13,139.3 1 0
github.com/prism/patterns/multicast_registry/filter/ast.go:140.2,141.9 2 3
github.com/prism/patterns/multicast_registry/filter/ast.go:141.9,143.3 1 0
github.com/prism/patterns/multicast_registry/filter/ast.go:145.2,145.35 1 3
github.com/prism/patterns/multicast_registry/filter/ast.go:153.66,154.35 1 3
github.com/prism/patterns/multicast_registry/filter/ast.go:154.35,155.32 1 6
github.com/prism/patterns/multicast_registry/filter/ast.go:155.32,157.4 1 1
github.com/prism/patterns/multicast_registry/filter/ast.go:159.2,159.13 1 2
github.com/prism/patterns/multicast_registry/filter/ast.go:167.65,168.35 1 3
github.com/prism/patterns/multicast_registry/filter/ast.go:168.35,169.31 1 5
github.com/prism/patterns/multicast_registry/filter/ast.go:169.31,171.4 1 2
github.com/prism/patterns/multicast_registry/filter/ast.go:173.2,173.14 1 1
github.com/prism/patterns/multicast_registry/filter/ast.go:181.66,183.2 1 2
github.com/prism/patterns/multicast_registry/filter/ast.go:190.69,193.2 2 2
github.com/prism/patterns/multicast_registry/filter/ast.go:197.36,199.24 1 23
github.com/prism/patterns/multicast_registry/filter/ast.go:200.14,202.24 2 16
github.com/prism/patterns/multicast_registry/filter/ast.go:203.11,205.24 2 3
github.com/prism/patterns/multicast_registry/filter/ast.go:206.13,208.24 2 1
github.com/prism/patterns/multicast_registry/filter/ast.go:209.15,211.24 2 0
github.com/prism/patterns/multicast_registry/filter/ast.go:212.12,214.24 2 2
github.com/prism/patterns/multicast_registry/filter/ast.go:215.10,217.16 1 1
github.com/prism/patterns/multicast_registry/filter/ast.go:221.38,222.24 1 8
github.com/prism/patterns/multicast_registry/filter/ast.go:223.11,225.23 2 4
github.com/prism/patterns/multicast_registry/filter/ast.go:226.13,228.23 2 1
github.com/prism/patterns/multicast_registry/filter/ast.go:229.15,231.23 2 1
github.com/prism/patterns/multicast_registry/filter/ast.go:232.14,234.23 2 1
github.com/prism/patterns/multicast_registry/filter/ast.go:235.10,236.15 1 1
github.com/prism/patterns/multicast_registry/filter/ast.go:240.41,241.24 1 6
github.com/prism/patterns/multicast_registry/filter/ast.go:242.11,244.23 2 2
github.com/prism/patterns/multicast_registry/filter/ast.go:245.13,247.23 2 1
github.com/prism/patterns/multicast_registry/filter/ast.go:248.15,250.23 2 1
github.com/prism/patterns/multicast_registry/filter/ast.go:251.14,253.23 2 1
github.com/prism/patterns/multicast_registry/filter/ast.go:254.10,255.15 1 1
github.com/prism/patterns/multicast_registry/filter/ast.go:259.38,261.2 1 3
github.com/prism/patterns/multicast_registry/filter/ast.go:263.43,264.22 1 3
github.com/prism/patterns/multicast_registry/filter/ast.go:264.22,266.3 1 1
github.com/prism/patterns/multicast_registry/filter/ast.go:267.2,267.43 1 2
github.com/prism/patterns/multicast_registry/filter/ast.go:267.43,268.35 1 30
github.com/prism/patterns/multicast_registry/filter/ast.go:268.35,270.4 1 1
github.com/prism/patterns/multicast_registry/filter/ast.go:272.2,272.14 1 1
github.com/prism/patterns/multicast_registry/config.go:61.30,81.2 1 23
github.com/prism/patterns/multicast_registry/coordinator.go:32.25,33.19 1 24
github.com/prism/patterns/multicast_registry/coordinator.go:33.19,35.3 1 0
github.com/prism/patterns/multicast_registry/coordinator.go:37.2,37.21 1 24
github.com/prism/patterns/multicast_registry/coordinator.go:37.21,39.3 1 1
github.com/prism/patterns/multicast_registry/coordinator.go:41.2,41.22 1 23
github.com/prism/patterns/multicast_registry/coordinator.go:41.22,43.3 1 1
github.com/prism/patterns/multicast_registry/coordinator.go:45.2,58.15 4 22
github.com/prism/patterns/multicast_registry/coordinator.go:62.128,67.49 3 1136
github.com/prism/patterns/multicast_registry/coordinator.go:67.49,69.3 1 1
github.com/prism/patterns/multicast_registry/coordinator.go:72.2,72.79 1 1135
github.com/prism/patterns/multicast_registry/coordinator.go:72.79,74.3 1 1
github.com/prism/patterns/multicast_registry/coordinator.go:77.2,85.13 3 1134
github.com/prism/patterns/multicast_registry/coordinator.go:85.13,88.3 2 4
github.com/prism/patterns/multicast_registry/coordinator.go:91.2,91.69 1 1134
github.com/prism/patterns/multicast_registry/coordinator.go:91.69,93.3 1 1
github.com/prism/patterns/multicast_registry/coordinator.go:96.2,98.12 2 1133
github.com/prism/patterns/multicast_registry/coordinator.go:102.91,108.34 4 20
github.com/prism/patterns/multicast_registry/coordinator.go:108.34,111.3 1 0
github.com/prism/patterns/multicast_registry/coordinator.go:114.2,116.40 2 20
github.com/prism/patterns/multicast_registry/coordinator.go:116.40,118.73 1 2144
github.com/prism/patterns/multicast_registry/coordinator.go:118.73,119.12 1 3
github.com/prism/patterns/multicast_registry/coordinator.go:123.3,123.57 1 2141
github.com/prism/patterns/multicast_registry/coordinator.go:123.57,125.4 1 2134
github.com/prism/patterns/multicast_registry/coordinator.go:128.2,128.21 1 20
github.com/prism/patterns/multicast_registry/coordinator.go:132.114,135.16 2 6
github.com/prism/patterns/multicast_registry/coordinator.go:135.16,137.3 1 0
github.com/prism/patterns/multicast_registry/coordinator.go:139.2,144.23 2 6
github.com/prism/patterns/multicast_registry/coordinator.go:144.23,146.3 1 1
github.com/prism/patterns/multicast_registry/coordinator.go:149.2,152.35 3 5
github.com/prism/patterns/multicast_registry/coordinator.go:152.35,154.25 2 1013
github.com/prism/patterns/multicast_registry/coordinator.go:154.25,162.77 5 1013
github.com/prism/patterns/multicast_registry/coordinator.go:162.77,163.20 1 1016
github.com/prism/patterns/multicast_registry/coordinator.go:163.20,165.6 1 3
github.com/prism/patterns/multicast_registry/coordinator.go:167.5,168.19 2 1016
github.com/prism/patterns/multicast_registry/coordinator.go:168.19,175.6 2 1013
github.com/prism/patterns/multicast_registry/coordinator.go:176.5,176.18 1 3
github.com/prism/patterns/multicast_registry/coordinator.go:180.4,185.5 1 0
github.com/prism/patterns/multicast_registry/coordinator.go:190.2,194.34 3 5
github.com/prism/patterns/multicast_registry/coordinator.go:194.34,196.47 2 1013
github.com/prism/patterns/multicast_registry/coordinator.go:196.47,198.4 1 1013
github.com/prism/patterns/multicast_registry/coordinator.go:198.9,200.4 1 0
github.com/prism/patterns/multicast_registry/coordinator.go:203.2,203.22 1 5
github.com/prism/patterns/multicast_registry/coordinator.go:207.78,212.50 3 3
github.com/prism/patterns/multicast_registry/coordinator.go:212.50,215.3 1 1
github.com/prism/patterns/multicast_registry/coordinator.go:218.2,218.57 1 2
github.com/prism/patterns/multicast_registry/coordinator.go:218.57,220.3 1 0
github.com/prism/patterns/multicast_registry/coordinator.go:223.2,225.12 2 2
github.com/prism/patterns/multicast_registry/coordinator.go:229.37,237.43 4 22
github.com/prism/patterns/multicast_registry/coordinator.go:237.43,239.3 1 1
github.com/prism/patterns/multicast_registry/coordinator.go:241.2,241.44 1 22
github.com/prism/patterns/multicast_registry/coordinator.go:241.44,243.3 1 0
github.com/prism/patterns/multicast_registry/coordinator.go:245.2,245.25 1 22
github.com/prism/patterns/multicast_registry/coordinator.go:245.25,246.46 1 0
github.com/prism/patterns/multicast_registry/coordinator.go:246.46,248.4 1 0
github.com/prism/patterns/multicast_registry/coordinator.go:251.2,251.19 1 22
github.com/prism/patterns/multicast_registry/coordinator.go:251.19,253.3 1 1
github.com/prism/patterns/multicast_registry/coordinator.go:255.2,255.12 1 21
github.com/prism/patterns/multicast_registry/coordinator.go:259.61,261.18 2 1013
github.com/prism/patterns/multicast_registry/coordinator.go:261.18,263.3 1 1013
github.com/prism/patterns/multicast_registry/coordinator.go:264.2,264.26 1 1013
github.com/prism/patterns/multicast_registry/coordinator.go:268.50,274.6 4 22
github.com/prism/patterns/multicast_registry/coordinator.go:274.6,275.10 1 22
github.com/prism/patterns/multicast_registry/coordinator.go:276.19,277.22 1 0
github.com/prism/patterns/multicast_registry/coordinator.go:278.24,279.10 1 22
github.com/prism/patterns/multicast_registry/coordinator.go:285.40,292.41 5 1
github.com/prism/patterns/multicast_registry/coordinator.go:292.41,293.66 1 1
github.com/prism/patterns/multicast_registry/coordinator.go:293.66,295.4 1 1
github.com/prism/patterns/multicast_registry/coordinator.go:299.2,300.29 2 1
github.com/prism/patterns/multicast_registry/coordinator.go:300.29,303.3 2 1
github.com/prism/patterns/multicast_registry/coordinator.go:305.2,305.22 1 1
github.com/prism/patterns/multicast_registry/coordinator.go:305.22,308.3 1 1
github.com/prism/patterns/multicast_registry/mocks.go:17.52,21.2 1 19
github.com/prism/patterns/multicast_registry/mocks.go:23.131,35.13 5 77
github.com/prism/patterns/multicast_registry/mocks.go:35.13,38.3 2 3
github.com/prism/patterns/multicast_registry/mocks.go:40.2,41.12 2 77
github.com/prism/patterns/multicast_registry/mocks.go:44.92,49.13 4 4
github.com/prism/patterns/multicast_registry/mocks.go:49.13,51.3 1 1
github.com/prism/patterns/multicast_registry/mocks.go:54.2,54.60 1 3
github.com/prism/patterns/multicast_registry/mocks.go:54.60,56.3 1 0
github.com/prism/patterns/multicast_registry/mocks.go:58.2,58.16 1 3
github.com/prism/patterns/multicast_registry/mocks.go:61.78,68.28 5 0
github.com/prism/patterns/multicast_registry/mocks.go:68.28,70.54 1 0
github.com/prism/patterns/multicast_registry/mocks.go:70.54,71.12 1 0
github.com/prism/patterns/multicast_registry/mocks.go:73.3,73.32 1 0
github.com/prism/patterns/multicast_registry/mocks.go:76.2,76.21 1 0
github.com/prism/patterns/multicast_registry/mocks.go:79.82,85.2 4 2
github.com/prism/patterns/multicast_registry/mocks.go:87.99,91.2 1 11
github.com/prism/patterns/multicast_registry/mocks.go:93.45,95.2 1 17
github.com/prism/patterns/multicast_registry/mocks.go:104.54,108.2 1 19
github.com/prism/patterns/multicast_registry/mocks.go:110.97,116.2 4 10
github.com/prism/patterns/multicast_registry/mocks.go:118.100,121.2 1 0
github.com/prism/patterns/multicast_registry/mocks.go:123.85,125.2 1 0
github.com/prism/patterns/multicast_registry/mocks.go:127.46,129.2 1 18
github.com/prism/patterns/multicast_registry/mocks.go:132.68,137.2 3 0
github.com/prism/patterns/multicast_registry/mocks.go:140.68,145.2 3 0
github.com/prism/patterns/multicast_registry/mocks.go:152.80,156.2 1 1
github.com/prism/patterns/multicast_registry/mocks.go:158.59,160.2 1 1
github.com/prism/patterns/multicast_registry/mocks.go:167.76,171.2 1 1
github.com/prism/patterns/multicast_registry/mocks.go:173.143,175.2 1 1
github.com/prism/patterns/multicast_registry/mocks.go:184.90,189.2 1 1
github.com/prism/patterns/multicast_registry/mocks.go:191.109,195.29 3 5
github.com/prism/patterns/multicast_registry/mocks.go:195.29,198.3 2 3
github.com/prism/patterns/multicast_registry/mocks.go:201.2,201.60 1 2
github.com/prism/patterns/multicast_registry/slots.go:67.59,69.2 1 3
github.com/prism/patterns/multicast_registry/slots.go:89.41,90.11 1 0
github.com/prism/patterns/multicast_registry/slots.go:91.31,92.21 1 0
github.com/prism/patterns/multicast_registry/slots.go:93.29,94.19 1 0
github.com/prism/patterns/multicast_registry/slots.go:95.28,96.18 1 0
github.com/prism/patterns/multicast_registry/slots.go:97.29,98.19 1 0
github.com/prism/patterns/multicast_registry/slots.go:99.10,100.19 1 0
