mode: set
github.com/jrepp/prism-data-layer/patterns/redis/cmd/redis/main.go:13.13,30.16 8 0
github.com/jrepp/prism-data-layer/patterns/redis/cmd/redis/main.go:30.16,47.3 2 0
github.com/jrepp/prism-data-layer/patterns/redis/cmd/redis/main.go:50.2,50.20 1 0
github.com/jrepp/prism-data-layer/patterns/redis/cmd/redis/main.go:50.20,55.3 2 0
github.com/jrepp/prism-data-layer/patterns/redis/cmd/redis/main.go:58.2,61.65 2 0
github.com/jrepp/prism-data-layer/patterns/redis/cmd/redis/main.go:61.65,64.3 2 0
github.com/jrepp/prism-data-layer/patterns/redis/redis.go:34.26,39.2 1 1
github.com/jrepp/prism-data-layer/patterns/redis/redis.go:42.38,44.2 1 1
github.com/jrepp/prism-data-layer/patterns/redis/redis.go:47.41,49.2 1 1
github.com/jrepp/prism-data-layer/patterns/redis/redis.go:52.83,55.64 2 1
github.com/jrepp/prism-data-layer/patterns/redis/redis.go:55.64,57.3 1 0
github.com/jrepp/prism-data-layer/patterns/redis/redis.go:60.2,60.33 1 1
github.com/jrepp/prism-data-layer/patterns/redis/redis.go:60.33,62.3 1 1
github.com/jrepp/prism-data-layer/patterns/redis/redis.go:63.2,63.35 1 1
github.com/jrepp/prism-data-layer/patterns/redis/redis.go:63.35,65.3 1 1
github.com/jrepp/prism-data-layer/patterns/redis/redis.go:66.2,66.33 1 1
github.com/jrepp/prism-data-layer/patterns/redis/redis.go:66.33,68.3 1 1
github.com/jrepp/prism-data-layer/patterns/redis/redis.go:69.2,69.40 1 1
github.com/jrepp/prism-data-layer/patterns/redis/redis.go:69.40,71.3 1 1
github.com/jrepp/prism-data-layer/patterns/redis/redis.go:72.2,72.36 1 1
github.com/jrepp/prism-data-layer/patterns/redis/redis.go:72.36,74.3 1 1
github.com/jrepp/prism-data-layer/patterns/redis/redis.go:75.2,75.36 1 1
github.com/jrepp/prism-data-layer/patterns/redis/redis.go:75.36,77.3 1 1
github.com/jrepp/prism-data-layer/patterns/redis/redis.go:78.2,78.37 1 1
github.com/jrepp/prism-data-layer/patterns/redis/redis.go:78.37,80.3 1 1
github.com/jrepp/prism-data-layer/patterns/redis/redis.go:82.2,98.49 3 1
github.com/jrepp/prism-data-layer/patterns/redis/redis.go:98.49,100.3 1 1
github.com/jrepp/prism-data-layer/patterns/redis/redis.go:102.2,102.12 1 1
github.com/jrepp/prism-data-layer/patterns/redis/redis.go:106.57,110.2 2 0
github.com/jrepp/prism-data-layer/patterns/redis/redis.go:113.56,114.21 1 1
github.com/jrepp/prism-data-layer/patterns/redis/redis.go:114.21,116.3 1 1
github.com/jrepp/prism-data-layer/patterns/redis/redis.go:117.2,117.12 1 0
github.com/jrepp/prism-data-layer/patterns/redis/redis.go:121.80,123.49 1 1
github.com/jrepp/prism-data-layer/patterns/redis/redis.go:123.49,131.3 1 1
github.com/jrepp/prism-data-layer/patterns/redis/redis.go:134.2,140.58 4 1
github.com/jrepp/prism-data-layer/patterns/redis/redis.go:140.58,143.3 2 0
github.com/jrepp/prism-data-layer/patterns/redis/redis.go:145.2,153.8 1 1
github.com/jrepp/prism-data-layer/patterns/redis/redis.go:157.78,160.20 2 1
github.com/jrepp/prism-data-layer/patterns/redis/redis.go:160.20,163.3 2 1
github.com/jrepp/prism-data-layer/patterns/redis/redis.go:165.2,165.47 1 1
github.com/jrepp/prism-data-layer/patterns/redis/redis.go:169.62,173.22 3 1
github.com/jrepp/prism-data-layer/patterns/redis/redis.go:173.22,175.3 1 1
github.com/jrepp/prism-data-layer/patterns/redis/redis.go:176.2,176.16 1 1
github.com/jrepp/prism-data-layer/patterns/redis/redis.go:176.16,178.3 1 0
github.com/jrepp/prism-data-layer/patterns/redis/redis.go:180.2,180.25 1 1
github.com/jrepp/prism-data-layer/patterns/redis/redis.go:184.49,187.2 2 1
github.com/jrepp/prism-data-layer/patterns/redis/redis.go:190.57,194.16 3 1
github.com/jrepp/prism-data-layer/patterns/redis/redis.go:194.16,196.3 1 0
github.com/jrepp/prism-data-layer/patterns/redis/redis.go:198.2,198.23 1 1
