mode: set
github.com/prism/patterns/multicast_registry/filter/ast.go:15.71,17.13 2 1
github.com/prism/patterns/multicast_registry/filter/ast.go:17.13,19.3 1 1
github.com/prism/patterns/multicast_registry/filter/ast.go:20.2,20.32 1 1
github.com/prism/patterns/multicast_registry/filter/ast.go:29.71,31.13 2 1
github.com/prism/patterns/multicast_registry/filter/ast.go:31.13,33.3 1 0
github.com/prism/patterns/multicast_registry/filter/ast.go:34.2,34.33 1 1
github.com/prism/patterns/multicast_registry/filter/ast.go:43.71,45.13 2 1
github.com/prism/patterns/multicast_registry/filter/ast.go:45.13,47.3 1 0
github.com/prism/patterns/multicast_registry/filter/ast.go:48.2,48.34 1 1
github.com/prism/patterns/multicast_registry/filter/ast.go:57.74,59.13 2 1
github.com/prism/patterns/multicast_registry/filter/ast.go:59.13,61.3 1 0
github.com/prism/patterns/multicast_registry/filter/ast.go:62.2,62.61 1 1
github.com/prism/patterns/multicast_registry/filter/ast.go:71.74,73.13 2 1
github.com/prism/patterns/multicast_registry/filter/ast.go:73.13,75.3 1 0
github.com/prism/patterns/multicast_registry/filter/ast.go:76.2,76.37 1 1
github.com/prism/patterns/multicast_registry/filter/ast.go:85.77,87.13 2 1
github.com/prism/patterns/multicast_registry/filter/ast.go:87.13,89.3 1 0
github.com/prism/patterns/multicast_registry/filter/ast.go:90.2,90.64 1 1
github.com/prism/patterns/multicast_registry/filter/ast.go:99.73,101.13 2 1
github.com/prism/patterns/multicast_registry/filter/ast.go:101.13,103.3 1 0
github.com/prism/patterns/multicast_registry/filter/ast.go:104.2,105.9 2 1
github.com/prism/patterns/multicast_registry/filter/ast.go:105.9,107.3 1 1
github.com/prism/patterns/multicast_registry/filter/ast.go:108.2,108.69 1 1
github.com/prism/patterns/multicast_registry/filter/ast.go:117.71,119.13 2 1
github.com/prism/patterns/multicast_registry/filter/ast.go:119.13,121.3 1 0
github.com/prism/patterns/multicast_registry/filter/ast.go:122.2,123.9 2 1
github.com/prism/patterns/multicast_registry/filter/ast.go:123.9,125.3 1 0
github.com/prism/patterns/multicast_registry/filter/ast.go:126.2,126.78 1 1
github.com/prism/patterns/multicast_registry/filter/ast.go:135.71,137.13 2 1
github.com/prism/patterns/multicast_registry/filter/ast.go:137.13,139.3 1 0
github.com/prism/patterns/multicast_registry/filter/ast.go:140.2,141.9 2 1
github.com/prism/patterns/multicast_registry/filter/ast.go:141.9,143.3 1 0
github.com/prism/patterns/multicast_registry/filter/ast.go:145.2,145.35 1 1
github.com/prism/patterns/multicast_registry/filter/ast.go:153.66,154.35 1 1
github.com/prism/patterns/multicast_registry/filter/ast.go:154.35,155.32 1 1
github.com/prism/patterns/multicast_registry/filter/ast.go:155.32,157.4 1 1
github.com/prism/patterns/multicast_registry/filter/ast.go:159.2,159.13 1 1
github.com/prism/patterns/multicast_registry/filter/ast.go:167.65,168.35 1 1
github.com/prism/patterns/multicast_registry/filter/ast.go:168.35,169.31 1 1
github.com/prism/patterns/multicast_registry/filter/ast.go:169.31,171.4 1 1
github.com/prism/patterns/multicast_registry/filter/ast.go:173.2,173.14 1 1
github.com/prism/patterns/multicast_registry/filter/ast.go:181.66,183.2 1 1
github.com/prism/patterns/multicast_registry/filter/ast.go:190.69,193.2 2 1
github.com/prism/patterns/multicast_registry/filter/ast.go:197.36,199.24 1 1
github.com/prism/patterns/multicast_registry/filter/ast.go:200.14,202.24 2 1
github.com/prism/patterns/multicast_registry/filter/ast.go:203.11,205.24 2 1
github.com/prism/patterns/multicast_registry/filter/ast.go:206.13,208.24 2 0
github.com/prism/patterns/multicast_registry/filter/ast.go:209.15,211.24 2 0
github.com/prism/patterns/multicast_registry/filter/ast.go:212.12,214.24 2 0
github.com/prism/patterns/multicast_registry/filter/ast.go:215.10,217.16 1 0
github.com/prism/patterns/multicast_registry/filter/ast.go:221.38,222.24 1 1
github.com/prism/patterns/multicast_registry/filter/ast.go:223.11,225.23 2 1
github.com/prism/patterns/multicast_registry/filter/ast.go:226.13,228.23 2 0
github.com/prism/patterns/multicast_registry/filter/ast.go:229.15,231.23 2 1
github.com/prism/patterns/multicast_registry/filter/ast.go:232.14,234.23 2 1
github.com/prism/patterns/multicast_registry/filter/ast.go:235.10,236.15 1 0
github.com/prism/patterns/multicast_registry/filter/ast.go:240.41,241.24 1 1
github.com/prism/patterns/multicast_registry/filter/ast.go:242.11,244.23 2 1
github.com/prism/patterns/multicast_registry/filter/ast.go:245.13,247.23 2 0
github.com/prism/patterns/multicast_registry/filter/ast.go:248.15,250.23 2 0
github.com/prism/patterns/multicast_registry/filter/ast.go:251.14,253.23 2 0
github.com/prism/patterns/multicast_registry/filter/ast.go:254.10,255.15 1 0
github.com/prism/patterns/multicast_registry/filter/ast.go:259.38,261.2 1 1
github.com/prism/patterns/multicast_registry/filter/ast.go:263.43,264.22 1 1
github.com/prism/patterns/multicast_registry/filter/ast.go:264.22,266.3 1 0
github.com/prism/patterns/multicast_registry/filter/ast.go:267.2,267.43 1 1
github.com/prism/patterns/multicast_registry/filter/ast.go:267.43,268.35 1 1
github.com/prism/patterns/multicast_registry/filter/ast.go:268.35,270.4 1 1
github.com/prism/patterns/multicast_registry/filter/ast.go:272.2,272.14 1 1
