mode: set
github.com/jrepp/prism-data-layer/patterns/core/backend.go:16.72,17.23 1 0
github.com/jrepp/prism-data-layer/patterns/core/backend.go:17.23,19.3 1 0
github.com/jrepp/prism-data-layer/patterns/core/backend.go:21.2,22.9 2 0
github.com/jrepp/prism-data-layer/patterns/core/backend.go:22.9,24.3 1 0
github.com/jrepp/prism-data-layer/patterns/core/backend.go:26.2,26.21 1 0
github.com/jrepp/prism-data-layer/patterns/core/backend.go:30.42,31.23 1 0
github.com/jrepp/prism-data-layer/patterns/core/backend.go:31.23,33.3 1 0
github.com/jrepp/prism-data-layer/patterns/core/backend.go:35.2,36.31 2 0
github.com/jrepp/prism-data-layer/patterns/core/backend.go:36.31,38.3 1 0
github.com/jrepp/prism-data-layer/patterns/core/backend.go:39.2,39.14 1 0
github.com/jrepp/prism-data-layer/patterns/core/config.go:21.47,23.16 2 0
github.com/jrepp/prism-data-layer/patterns/core/config.go:23.16,25.3 1 0
github.com/jrepp/prism-data-layer/patterns/core/config.go:27.2,28.54 2 0
github.com/jrepp/prism-data-layer/patterns/core/config.go:28.54,30.3 1 0
github.com/jrepp/prism-data-layer/patterns/core/config.go:33.2,33.35 1 0
github.com/jrepp/prism-data-layer/patterns/core/config.go:33.35,35.3 1 0
github.com/jrepp/prism-data-layer/patterns/core/config.go:37.2,37.21 1 0
github.com/jrepp/prism-data-layer/patterns/core/config.go:41.61,44.16 2 1
github.com/jrepp/prism-data-layer/patterns/core/config.go:44.16,46.3 1 0
github.com/jrepp/prism-data-layer/patterns/core/config.go:49.2,49.53 1 1
github.com/jrepp/prism-data-layer/patterns/core/config.go:49.53,51.3 1 0
github.com/jrepp/prism-data-layer/patterns/core/config.go:53.2,53.12 1 1
github.com/jrepp/prism-data-layer/patterns/core/consumer.go:28.63,29.23 1 0
github.com/jrepp/prism-data-layer/patterns/core/consumer.go:29.23,31.3 1 0
github.com/jrepp/prism-data-layer/patterns/core/consumer.go:33.2,33.33 1 0
github.com/jrepp/prism-data-layer/patterns/core/consumer.go:33.33,35.3 1 0
github.com/jrepp/prism-data-layer/patterns/core/consumer.go:37.2,37.44 1 0
github.com/jrepp/prism-data-layer/patterns/core/controlplane.go:28.73,33.2 1 0
github.com/jrepp/prism-data-layer/patterns/core/controlplane.go:36.63,38.16 2 0
github.com/jrepp/prism-data-layer/patterns/core/controlplane.go:38.16,40.3 1 0
github.com/jrepp/prism-data-layer/patterns/core/controlplane.go:41.2,62.12 10 0
github.com/jrepp/prism-data-layer/patterns/core/controlplane.go:62.12,67.54 2 0
github.com/jrepp/prism-data-layer/patterns/core/controlplane.go:67.54,69.4 1 0
github.com/jrepp/prism-data-layer/patterns/core/controlplane.go:72.2,72.12 1 0
github.com/jrepp/prism-data-layer/patterns/core/controlplane.go:77.41,78.23 1 0
github.com/jrepp/prism-data-layer/patterns/core/controlplane.go:78.23,81.3 2 0
github.com/jrepp/prism-data-layer/patterns/core/controlplane.go:82.2,82.15 1 0
github.com/jrepp/prism-data-layer/patterns/core/controlplane.go:86.62,87.25 1 0
github.com/jrepp/prism-data-layer/patterns/core/controlplane.go:87.25,89.3 1 0
github.com/jrepp/prism-data-layer/patterns/core/controlplane.go:90.2,90.23 1 0
github.com/jrepp/prism-data-layer/patterns/core/controlplane.go:90.23,92.3 1 0
github.com/jrepp/prism-data-layer/patterns/core/controlplane.go:93.2,93.12 1 0
github.com/jrepp/prism-data-layer/patterns/core/controlplane.go:97.94,101.6 3 0
github.com/jrepp/prism-data-layer/patterns/core/controlplane.go:101.6,102.10 1 0
github.com/jrepp/prism-data-layer/patterns/core/controlplane.go:103.21,105.10 2 0
github.com/jrepp/prism-data-layer/patterns/core/controlplane.go:106.19,108.18 2 0
github.com/jrepp/prism-data-layer/patterns/core/controlplane.go:108.18,111.13 3 0
github.com/jrepp/prism-data-layer/patterns/core/controlplane.go:114.4,115.25 2 0
github.com/jrepp/prism-data-layer/patterns/core/controlplane.go:116.23,117.60 1 0
github.com/jrepp/prism-data-layer/patterns/core/controlplane.go:118.24,119.60 1 0
github.com/jrepp/prism-data-layer/patterns/core/controlplane.go:120.12,121.64 1 0
github.com/jrepp/prism-data-layer/patterns/core/controlplane.go:124.4,129.31 2 0
github.com/jrepp/prism-data-layer/patterns/core/controlplane.go:135.51,137.2 1 0
github.com/jrepp/prism-data-layer/patterns/core/controlplane.go:140.72,142.2 1 0
github.com/jrepp/prism-data-layer/patterns/core/dataplane.go:23.84,28.2 1 0
github.com/jrepp/prism-data-layer/patterns/core/dataplane.go:31.60,35.16 3 0
github.com/jrepp/prism-data-layer/patterns/core/dataplane.go:35.16,37.3 1 0
github.com/jrepp/prism-data-layer/patterns/core/dataplane.go:38.2,41.17 2 0
github.com/jrepp/prism-data-layer/patterns/core/dataplane.go:41.17,43.3 1 0
github.com/jrepp/prism-data-layer/patterns/core/dataplane.go:46.2,57.12 5 0
github.com/jrepp/prism-data-layer/patterns/core/dataplane.go:57.12,58.54 1 0
github.com/jrepp/prism-data-layer/patterns/core/dataplane.go:58.54,60.4 1 0
github.com/jrepp/prism-data-layer/patterns/core/dataplane.go:63.2,63.12 1 0
github.com/jrepp/prism-data-layer/patterns/core/dataplane.go:67.59,68.25 1 0
github.com/jrepp/prism-data-layer/patterns/core/dataplane.go:68.25,71.3 2 0
github.com/jrepp/prism-data-layer/patterns/core/dataplane.go:72.2,72.12 1 0
github.com/jrepp/prism-data-layer/patterns/core/dataplane.go:76.38,78.2 1 0
github.com/jrepp/prism-data-layer/patterns/core/dataplane.go:81.41,82.23 1 0
github.com/jrepp/prism-data-layer/patterns/core/dataplane.go:82.23,84.3 1 0
github.com/jrepp/prism-data-layer/patterns/core/dataplane.go:85.2,85.35 1 0
github.com/jrepp/prism-data-layer/patterns/core/dataplane.go:95.101,101.16 3 0
github.com/jrepp/prism-data-layer/patterns/core/dataplane.go:101.16,107.3 2 0
github.com/jrepp/prism-data-layer/patterns/core/dataplane.go:109.2,111.8 1 0
github.com/jrepp/prism-data-layer/patterns/core/dataplane.go:115.101,119.16 3 0
github.com/jrepp/prism-data-layer/patterns/core/dataplane.go:119.16,125.3 2 0
github.com/jrepp/prism-data-layer/patterns/core/dataplane.go:127.2,127.12 1 0
github.com/jrepp/prism-data-layer/patterns/core/dataplane.go:127.12,132.3 2 0
github.com/jrepp/prism-data-layer/patterns/core/dataplane.go:134.2,140.8 2 0
github.com/jrepp/prism-data-layer/patterns/core/dataplane.go:144.110,148.16 3 0
github.com/jrepp/prism-data-layer/patterns/core/dataplane.go:148.16,154.3 2 0
github.com/jrepp/prism-data-layer/patterns/core/dataplane.go:156.2,158.8 1 0
github.com/jrepp/prism-data-layer/patterns/core/dataplane.go:162.110,166.16 3 0
github.com/jrepp/prism-data-layer/patterns/core/dataplane.go:166.16,172.3 2 0
github.com/jrepp/prism-data-layer/patterns/core/dataplane.go:174.2,179.8 2 0
github.com/jrepp/prism-data-layer/patterns/core/errors.go:29.48,37.2 1 0
github.com/jrepp/prism-data-layer/patterns/core/errors.go:41.53,43.2 1 0
github.com/jrepp/prism-data-layer/patterns/core/errors.go:46.42,48.2 1 0
github.com/jrepp/prism-data-layer/patterns/core/errors.go:51.66,54.2 2 0
github.com/jrepp/prism-data-layer/patterns/core/errors.go:57.87,60.2 2 0
github.com/jrepp/prism-data-layer/patterns/core/errors.go:63.70,66.2 2 0
github.com/jrepp/prism-data-layer/patterns/core/errors.go:69.78,72.2 2 0
github.com/jrepp/prism-data-layer/patterns/core/errors.go:75.78,78.2 2 0
github.com/jrepp/prism-data-layer/patterns/core/errors.go:81.65,84.2 2 0
github.com/jrepp/prism-data-layer/patterns/core/errors.go:87.64,90.2 2 0
github.com/jrepp/prism-data-layer/patterns/core/errors.go:93.70,96.2 2 0
github.com/jrepp/prism-data-layer/patterns/core/errors.go:99.78,102.2 2 0
github.com/jrepp/prism-data-layer/patterns/core/errors.go:105.121,114.2 2 0
github.com/jrepp/prism-data-layer/patterns/core/errors.go:117.123,127.2 2 0
github.com/jrepp/prism-data-layer/patterns/core/errors.go:130.53,136.2 2 0
github.com/jrepp/prism-data-layer/patterns/core/errors.go:139.69,140.30 1 0
github.com/jrepp/prism-data-layer/patterns/core/errors.go:140.30,142.3 1 0
github.com/jrepp/prism-data-layer/patterns/core/errors.go:143.2,144.10 2 0
github.com/jrepp/prism-data-layer/patterns/core/errors.go:148.72,151.2 2 0
github.com/jrepp/prism-data-layer/patterns/core/errors.go:154.109,165.2 1 0
github.com/jrepp/prism-data-layer/patterns/core/errors.go:168.112,180.2 1 0
github.com/jrepp/prism-data-layer/patterns/core/errors.go:187.17,206.2 1 0
github.com/jrepp/prism-data-layer/patterns/core/errors.go:209.128,220.2 1 0
github.com/jrepp/prism-data-layer/patterns/core/errors.go:223.117,234.2 1 0
github.com/jrepp/prism-data-layer/patterns/core/errors.go:237.119,249.2 1 0
github.com/jrepp/prism-data-layer/patterns/core/errors.go:252.122,263.2 1 0
github.com/jrepp/prism-data-layer/patterns/core/errors.go:266.64,269.2 2 0
github.com/jrepp/prism-data-layer/patterns/core/errors.go:272.70,275.2 2 0
github.com/jrepp/prism-data-layer/patterns/core/errors.go:278.79,285.2 2 0
github.com/jrepp/prism-data-layer/patterns/core/errors.go:288.68,290.2 1 0
github.com/jrepp/prism-data-layer/patterns/core/errors.go:293.80,295.2 1 0
github.com/jrepp/prism-data-layer/patterns/core/errors.go:298.79,301.2 2 0
github.com/jrepp/prism-data-layer/patterns/core/errors.go:304.69,305.27 1 0
github.com/jrepp/prism-data-layer/patterns/core/errors.go:305.27,307.3 1 0
github.com/jrepp/prism-data-layer/patterns/core/errors.go:308.2,309.10 2 0
github.com/jrepp/prism-data-layer/patterns/core/errors.go:313.107,321.2 2 0
github.com/jrepp/prism-data-layer/patterns/core/errors.go:326.70,335.2 1 0
github.com/jrepp/prism-data-layer/patterns/core/errors.go:338.85,347.2 1 0
github.com/jrepp/prism-data-layer/patterns/core/errors.go:350.114,358.2 1 0
github.com/jrepp/prism-data-layer/patterns/core/errors.go:361.88,370.2 1 0
github.com/jrepp/prism-data-layer/patterns/core/errors.go:373.110,383.2 1 0
github.com/jrepp/prism-data-layer/patterns/core/errors.go:386.114,395.2 1 0
github.com/jrepp/prism-data-layer/patterns/core/errors.go:398.70,407.2 1 0
github.com/jrepp/prism-data-layer/patterns/core/lifecycle_service.go:18.59,22.2 1 0
github.com/jrepp/prism-data-layer/patterns/core/lifecycle_service.go:25.119,33.21 2 0
github.com/jrepp/prism-data-layer/patterns/core/lifecycle_service.go:33.21,44.3 1 0
github.com/jrepp/prism-data-layer/patterns/core/lifecycle_service.go:47.2,47.59 1 0
github.com/jrepp/prism-data-layer/patterns/core/lifecycle_service.go:47.59,53.3 2 0
github.com/jrepp/prism-data-layer/patterns/core/lifecycle_service.go:55.2,67.8 2 0
github.com/jrepp/prism-data-layer/patterns/core/lifecycle_service.go:71.104,85.2 3 0
github.com/jrepp/prism-data-layer/patterns/core/lifecycle_service.go:88.101,93.43 2 0
github.com/jrepp/prism-data-layer/patterns/core/lifecycle_service.go:93.43,99.3 2 0
github.com/jrepp/prism-data-layer/patterns/core/lifecycle_service.go:101.2,106.8 2 0
github.com/jrepp/prism-data-layer/patterns/core/lifecycle_service.go:110.122,114.16 3 0
github.com/jrepp/prism-data-layer/patterns/core/lifecycle_service.go:114.16,121.3 2 0
github.com/jrepp/prism-data-layer/patterns/core/lifecycle_service.go:124.2,125.23 2 0
github.com/jrepp/prism-data-layer/patterns/core/lifecycle_service.go:126.21,127.51 1 0
github.com/jrepp/prism-data-layer/patterns/core/lifecycle_service.go:128.22,129.52 1 0
github.com/jrepp/prism-data-layer/patterns/core/lifecycle_service.go:130.23,131.53 1 0
github.com/jrepp/prism-data-layer/patterns/core/lifecycle_service.go:132.10,133.55 1 0
github.com/jrepp/prism-data-layer/patterns/core/lifecycle_service.go:136.2,144.8 2 0
github.com/jrepp/prism-data-layer/patterns/core/observability.go:48.81,49.19 1 0
github.com/jrepp/prism-data-layer/patterns/core/observability.go:49.19,57.3 1 0
github.com/jrepp/prism-data-layer/patterns/core/observability.go:59.2,61.3 1 0
github.com/jrepp/prism-data-layer/patterns/core/observability.go:65.70,73.28 2 0
github.com/jrepp/prism-data-layer/patterns/core/observability.go:73.28,74.50 1 0
github.com/jrepp/prism-data-layer/patterns/core/observability.go:74.50,76.4 1 0
github.com/jrepp/prism-data-layer/patterns/core/observability.go:77.3,79.39 1 0
github.com/jrepp/prism-data-layer/patterns/core/observability.go:83.2,83.30 1 0
github.com/jrepp/prism-data-layer/patterns/core/observability.go:83.30,84.48 1 0
github.com/jrepp/prism-data-layer/patterns/core/observability.go:84.48,86.4 1 0
github.com/jrepp/prism-data-layer/patterns/core/observability.go:87.3,89.81 1 0
github.com/jrepp/prism-data-layer/patterns/core/observability.go:92.2,92.12 1 0
github.com/jrepp/prism-data-layer/patterns/core/observability.go:96.77,104.16 2 0
github.com/jrepp/prism-data-layer/patterns/core/observability.go:104.16,106.3 1 0
github.com/jrepp/prism-data-layer/patterns/core/observability.go:109.2,111.32 2 0
github.com/jrepp/prism-data-layer/patterns/core/observability.go:112.16,117.17 2 0
github.com/jrepp/prism-data-layer/patterns/core/observability.go:117.17,119.4 1 0
github.com/jrepp/prism-data-layer/patterns/core/observability.go:121.16,126.17 3 0
github.com/jrepp/prism-data-layer/patterns/core/observability.go:126.17,128.4 1 0
github.com/jrepp/prism-data-layer/patterns/core/observability.go:130.14,135.17 3 0
github.com/jrepp/prism-data-layer/patterns/core/observability.go:135.17,137.4 1 0
github.com/jrepp/prism-data-layer/patterns/core/observability.go:139.10,144.17 3 0
github.com/jrepp/prism-data-layer/patterns/core/observability.go:144.17,146.4 1 0
github.com/jrepp/prism-data-layer/patterns/core/observability.go:150.2,159.12 3 0
github.com/jrepp/prism-data-layer/patterns/core/observability.go:163.68,165.2 1 0
github.com/jrepp/prism-data-layer/patterns/core/observability.go:168.59,172.73 2 0
github.com/jrepp/prism-data-layer/patterns/core/observability.go:172.73,175.3 2 0
github.com/jrepp/prism-data-layer/patterns/core/observability.go:178.2,178.72 1 0
github.com/jrepp/prism-data-layer/patterns/core/observability.go:178.72,181.3 2 0
github.com/jrepp/prism-data-layer/patterns/core/observability.go:185.2,185.74 1 0
github.com/jrepp/prism-data-layer/patterns/core/observability.go:185.74,204.3 8 0
github.com/jrepp/prism-data-layer/patterns/core/observability.go:207.2,217.12 2 0
github.com/jrepp/prism-data-layer/patterns/core/observability.go:217.12,219.89 2 0
github.com/jrepp/prism-data-layer/patterns/core/observability.go:219.89,221.4 1 0
github.com/jrepp/prism-data-layer/patterns/core/observability.go:224.2,224.12 1 0
github.com/jrepp/prism-data-layer/patterns/core/observability.go:228.68,231.27 2 0
github.com/jrepp/prism-data-layer/patterns/core/observability.go:231.27,235.29 2 0
github.com/jrepp/prism-data-layer/patterns/core/observability.go:235.29,239.64 3 0
github.com/jrepp/prism-data-layer/patterns/core/observability.go:239.64,242.5 2 0
github.com/jrepp/prism-data-layer/patterns/core/observability.go:242.10,244.5 1 0
github.com/jrepp/prism-data-layer/patterns/core/observability.go:248.3,248.30 1 0
github.com/jrepp/prism-data-layer/patterns/core/observability.go:248.30,252.65 3 0
github.com/jrepp/prism-data-layer/patterns/core/observability.go:252.65,254.27 2 0
github.com/jrepp/prism-data-layer/patterns/core/observability.go:254.27,256.6 1 0
github.com/jrepp/prism-data-layer/patterns/core/observability.go:257.10,259.5 1 0
github.com/jrepp/prism-data-layer/patterns/core/observability.go:263.2,263.20 1 0
github.com/jrepp/prism-data-layer/patterns/core/observability.go:267.90,275.2 1 0
github.com/jrepp/prism-data-layer/patterns/core/plugin.go:64.38,65.11 1 0
github.com/jrepp/prism-data-layer/patterns/core/plugin.go:66.21,67.19 1 0
github.com/jrepp/prism-data-layer/patterns/core/plugin.go:68.22,69.20 1 0
github.com/jrepp/prism-data-layer/patterns/core/plugin.go:70.23,71.21 1 0
github.com/jrepp/prism-data-layer/patterns/core/plugin.go:72.10,73.19 1 0
github.com/jrepp/prism-data-layer/patterns/core/plugin.go:78.56,91.16 5 0
github.com/jrepp/prism-data-layer/patterns/core/plugin.go:91.16,93.3 1 0
github.com/jrepp/prism-data-layer/patterns/core/plugin.go:95.2,95.44 1 0
github.com/jrepp/prism-data-layer/patterns/core/plugin.go:99.63,110.55 4 0
github.com/jrepp/prism-data-layer/patterns/core/plugin.go:110.55,113.3 2 0
github.com/jrepp/prism-data-layer/patterns/core/plugin.go:114.2,119.48 4 0
github.com/jrepp/prism-data-layer/patterns/core/plugin.go:119.48,122.3 2 0
github.com/jrepp/prism-data-layer/patterns/core/plugin.go:123.2,129.12 5 0
github.com/jrepp/prism-data-layer/patterns/core/plugin.go:129.12,130.43 1 0
github.com/jrepp/prism-data-layer/patterns/core/plugin.go:130.43,133.4 2 0
github.com/jrepp/prism-data-layer/patterns/core/plugin.go:136.2,144.9 4 0
github.com/jrepp/prism-data-layer/patterns/core/plugin.go:145.24,147.13 2 0
github.com/jrepp/prism-data-layer/patterns/core/plugin.go:148.24,149.55 1 0
github.com/jrepp/prism-data-layer/patterns/core/plugin.go:153.2,156.41 3 0
github.com/jrepp/prism-data-layer/patterns/core/plugin.go:156.41,159.3 2 0
github.com/jrepp/prism-data-layer/patterns/core/plugin.go:161.2,162.12 2 0
github.com/jrepp/prism-data-layer/patterns/core/serve.go:65.73,77.12 9 0
github.com/jrepp/prism-data-layer/patterns/core/serve.go:77.12,79.3 1 0
github.com/jrepp/prism-data-layer/patterns/core/serve.go:80.2,93.16 5 0
github.com/jrepp/prism-data-layer/patterns/core/serve.go:93.16,108.3 2 0
github.com/jrepp/prism-data-layer/patterns/core/serve.go:111.2,111.20 1 0
github.com/jrepp/prism-data-layer/patterns/core/serve.go:111.20,114.17 2 0
github.com/jrepp/prism-data-layer/patterns/core/serve.go:114.17,117.4 2 0
github.com/jrepp/prism-data-layer/patterns/core/serve.go:118.3,119.34 2 0
github.com/jrepp/prism-data-layer/patterns/core/serve.go:120.8,120.42 1 0
github.com/jrepp/prism-data-layer/patterns/core/serve.go:120.42,126.3 2 0
github.com/jrepp/prism-data-layer/patterns/core/serve.go:129.2,139.54 4 0
github.com/jrepp/prism-data-layer/patterns/core/serve.go:139.54,142.3 2 0
github.com/jrepp/prism-data-layer/patterns/core/serve.go:143.2,143.15 1 0
github.com/jrepp/prism-data-layer/patterns/core/serve.go:143.15,146.61 3 0
github.com/jrepp/prism-data-layer/patterns/core/serve.go:146.61,148.4 1 0
github.com/jrepp/prism-data-layer/patterns/core/serve.go:152.2,158.39 3 0
github.com/jrepp/prism-data-layer/patterns/core/serve.go:158.39,162.3 1 0
github.com/jrepp/prism-data-layer/patterns/core/serve.go:165.2,172.60 2 0
github.com/jrepp/prism-data-layer/patterns/core/serve.go:172.60,175.3 2 0
github.com/jrepp/prism-data-layer/patterns/core/serve.go:177.2,179.31 1 0
github.com/jrepp/prism-data-layer/patterns/core/serve.go:183.41,186.16 2 0
github.com/jrepp/prism-data-layer/patterns/core/serve.go:186.16,188.3 1 0
github.com/jrepp/prism-data-layer/patterns/core/serve.go:189.2,193.23 3 0
github.com/jrepp/prism-data-layer/patterns/core/gen/prism/common/errors.pb.go:116.38,120.2 3 0
github.com/jrepp/prism-data-layer/patterns/core/gen/prism/common/errors.pb.go:122.36,124.2 1 0
github.com/jrepp/prism-data-layer/patterns/core/gen/prism/common/errors.pb.go:126.59,128.2 1 0
github.com/jrepp/prism-data-layer/patterns/core/gen/prism/common/errors.pb.go:130.47,132.2 1 0
github.com/jrepp/prism-data-layer/patterns/core/gen/prism/common/errors.pb.go:134.53,136.2 1 0
github.com/jrepp/prism-data-layer/patterns/core/gen/prism/common/errors.pb.go:139.51,141.2 1 0
github.com/jrepp/prism-data-layer/patterns/core/gen/prism/common/errors.pb.go:190.46,194.2 3 0
github.com/jrepp/prism-data-layer/patterns/core/gen/prism/common/errors.pb.go:196.40,198.2 1 0
github.com/jrepp/prism-data-layer/patterns/core/gen/prism/common/errors.pb.go:200.63,202.2 1 0
github.com/jrepp/prism-data-layer/patterns/core/gen/prism/common/errors.pb.go:204.51,206.2 1 0
github.com/jrepp/prism-data-layer/patterns/core/gen/prism/common/errors.pb.go:208.57,210.2 1 0
github.com/jrepp/prism-data-layer/patterns/core/gen/prism/common/errors.pb.go:213.55,215.2 1 0
github.com/jrepp/prism-data-layer/patterns/core/gen/prism/common/errors.pb.go:249.46,253.2 3 0
github.com/jrepp/prism-data-layer/patterns/core/gen/prism/common/errors.pb.go:255.40,257.2 1 0
github.com/jrepp/prism-data-layer/patterns/core/gen/prism/common/errors.pb.go:259.63,261.2 1 0
github.com/jrepp/prism-data-layer/patterns/core/gen/prism/common/errors.pb.go:263.51,265.2 1 0
github.com/jrepp/prism-data-layer/patterns/core/gen/prism/common/errors.pb.go:267.57,269.2 1 0
github.com/jrepp/prism-data-layer/patterns/core/gen/prism/common/errors.pb.go:272.55,274.2 1 0
github.com/jrepp/prism-data-layer/patterns/core/gen/prism/common/errors.pb.go:308.50,312.2 3 0
github.com/jrepp/prism-data-layer/patterns/core/gen/prism/common/errors.pb.go:314.42,316.2 1 0
github.com/jrepp/prism-data-layer/patterns/core/gen/prism/common/errors.pb.go:318.65,320.2 1 0
github.com/jrepp/prism-data-layer/patterns/core/gen/prism/common/errors.pb.go:322.53,324.2 1 0
github.com/jrepp/prism-data-layer/patterns/core/gen/prism/common/errors.pb.go:326.59,328.2 1 0
github.com/jrepp/prism-data-layer/patterns/core/gen/prism/common/errors.pb.go:331.57,333.2 1 0
github.com/jrepp/prism-data-layer/patterns/core/gen/prism/common/errors.pb.go:383.25,388.2 4 0
github.com/jrepp/prism-data-layer/patterns/core/gen/prism/common/errors.pb.go:390.33,392.2 1 0
github.com/jrepp/prism-data-layer/patterns/core/gen/prism/common/errors.pb.go:394.31,394.32 0 0
github.com/jrepp/prism-data-layer/patterns/core/gen/prism/common/errors.pb.go:396.53,398.14 2 0
github.com/jrepp/prism-data-layer/patterns/core/gen/prism/common/errors.pb.go:398.14,400.34 2 0
github.com/jrepp/prism-data-layer/patterns/core/gen/prism/common/errors.pb.go:400.34,402.4 1 0
github.com/jrepp/prism-data-layer/patterns/core/gen/prism/common/errors.pb.go:403.3,403.12 1 0
github.com/jrepp/prism-data-layer/patterns/core/gen/prism/common/errors.pb.go:405.2,405.24 1 0
github.com/jrepp/prism-data-layer/patterns/core/gen/prism/common/errors.pb.go:409.44,411.2 1 0
github.com/jrepp/prism-data-layer/patterns/core/gen/prism/common/errors.pb.go:413.37,414.14 1 0
github.com/jrepp/prism-data-layer/patterns/core/gen/prism/common/errors.pb.go:414.14,416.3 1 0
github.com/jrepp/prism-data-layer/patterns/core/gen/prism/common/errors.pb.go:417.2,417.41 1 0
github.com/jrepp/prism-data-layer/patterns/core/gen/prism/common/errors.pb.go:420.37,421.14 1 0
github.com/jrepp/prism-data-layer/patterns/core/gen/prism/common/errors.pb.go:421.14,423.3 1 0
github.com/jrepp/prism-data-layer/patterns/core/gen/prism/common/errors.pb.go:424.2,424.11 1 0
github.com/jrepp/prism-data-layer/patterns/core/gen/prism/common/errors.pb.go:427.39,428.14 1 0
github.com/jrepp/prism-data-layer/patterns/core/gen/prism/common/errors.pb.go:428.14,430.3 1 0
github.com/jrepp/prism-data-layer/patterns/core/gen/prism/common/errors.pb.go:431.2,431.11 1 0
github.com/jrepp/prism-data-layer/patterns/core/gen/prism/common/errors.pb.go:434.45,435.14 1 0
github.com/jrepp/prism-data-layer/patterns/core/gen/prism/common/errors.pb.go:435.14,437.3 1 0
github.com/jrepp/prism-data-layer/patterns/core/gen/prism/common/errors.pb.go:438.2,438.49 1 0
github.com/jrepp/prism-data-layer/patterns/core/gen/prism/common/errors.pb.go:441.45,442.14 1 0
github.com/jrepp/prism-data-layer/patterns/core/gen/prism/common/errors.pb.go:442.14,444.3 1 0
github.com/jrepp/prism-data-layer/patterns/core/gen/prism/common/errors.pb.go:445.2,445.49 1 0
github.com/jrepp/prism-data-layer/patterns/core/gen/prism/common/errors.pb.go:448.55,449.14 1 0
github.com/jrepp/prism-data-layer/patterns/core/gen/prism/common/errors.pb.go:449.14,451.3 1 0
github.com/jrepp/prism-data-layer/patterns/core/gen/prism/common/errors.pb.go:452.2,452.12 1 0
github.com/jrepp/prism-data-layer/patterns/core/gen/prism/common/errors.pb.go:455.36,456.14 1 0
github.com/jrepp/prism-data-layer/patterns/core/gen/prism/common/errors.pb.go:456.14,458.3 1 0
github.com/jrepp/prism-data-layer/patterns/core/gen/prism/common/errors.pb.go:459.2,459.11 1 0
github.com/jrepp/prism-data-layer/patterns/core/gen/prism/common/errors.pb.go:462.39,463.14 1 0
github.com/jrepp/prism-data-layer/patterns/core/gen/prism/common/errors.pb.go:463.14,465.3 1 0
github.com/jrepp/prism-data-layer/patterns/core/gen/prism/common/errors.pb.go:466.2,466.11 1 0
github.com/jrepp/prism-data-layer/patterns/core/gen/prism/common/errors.pb.go:469.47,470.14 1 0
github.com/jrepp/prism-data-layer/patterns/core/gen/prism/common/errors.pb.go:470.14,472.3 1 0
github.com/jrepp/prism-data-layer/patterns/core/gen/prism/common/errors.pb.go:473.2,473.12 1 0
github.com/jrepp/prism-data-layer/patterns/core/gen/prism/common/errors.pb.go:476.45,477.14 1 0
github.com/jrepp/prism-data-layer/patterns/core/gen/prism/common/errors.pb.go:477.14,479.3 1 0
github.com/jrepp/prism-data-layer/patterns/core/gen/prism/common/errors.pb.go:480.2,480.12 1 0
github.com/jrepp/prism-data-layer/patterns/core/gen/prism/common/errors.pb.go:483.38,484.14 1 0
github.com/jrepp/prism-data-layer/patterns/core/gen/prism/common/errors.pb.go:484.14,486.3 1 0
github.com/jrepp/prism-data-layer/patterns/core/gen/prism/common/errors.pb.go:487.2,487.12 1 0
github.com/jrepp/prism-data-layer/patterns/core/gen/prism/common/errors.pb.go:490.45,491.14 1 0
github.com/jrepp/prism-data-layer/patterns/core/gen/prism/common/errors.pb.go:491.14,493.3 1 0
github.com/jrepp/prism-data-layer/patterns/core/gen/prism/common/errors.pb.go:494.2,494.12 1 0
github.com/jrepp/prism-data-layer/patterns/core/gen/prism/common/errors.pb.go:497.49,498.14 1 0
github.com/jrepp/prism-data-layer/patterns/core/gen/prism/common/errors.pb.go:498.14,500.3 1 0
github.com/jrepp/prism-data-layer/patterns/core/gen/prism/common/errors.pb.go:501.2,501.12 1 0
github.com/jrepp/prism-data-layer/patterns/core/gen/prism/common/errors.pb.go:505.40,506.37 1 0
github.com/jrepp/prism-data-layer/patterns/core/gen/prism/common/errors.pb.go:506.37,508.3 1 0
github.com/jrepp/prism-data-layer/patterns/core/gen/prism/common/errors.pb.go:509.2,509.11 1 0
github.com/jrepp/prism-data-layer/patterns/core/gen/prism/common/errors.pb.go:512.43,513.14 1 0
github.com/jrepp/prism-data-layer/patterns/core/gen/prism/common/errors.pb.go:513.14,515.3 1 0
github.com/jrepp/prism-data-layer/patterns/core/gen/prism/common/errors.pb.go:516.2,516.12 1 0
github.com/jrepp/prism-data-layer/patterns/core/gen/prism/common/errors.pb.go:538.31,543.2 4 0
github.com/jrepp/prism-data-layer/patterns/core/gen/prism/common/errors.pb.go:545.39,547.2 1 0
github.com/jrepp/prism-data-layer/patterns/core/gen/prism/common/errors.pb.go:549.37,549.38 0 0
github.com/jrepp/prism-data-layer/patterns/core/gen/prism/common/errors.pb.go:551.59,553.14 2 0
github.com/jrepp/prism-data-layer/patterns/core/gen/prism/common/errors.pb.go:553.14,555.34 2 0
github.com/jrepp/prism-data-layer/patterns/core/gen/prism/common/errors.pb.go:555.34,557.4 1 0
github.com/jrepp/prism-data-layer/patterns/core/gen/prism/common/errors.pb.go:558.3,558.12 1 0
github.com/jrepp/prism-data-layer/patterns/core/gen/prism/common/errors.pb.go:560.2,560.24 1 0
github.com/jrepp/prism-data-layer/patterns/core/gen/prism/common/errors.pb.go:564.50,566.2 1 0
github.com/jrepp/prism-data-layer/patterns/core/gen/prism/common/errors.pb.go:568.43,569.14 1 0
github.com/jrepp/prism-data-layer/patterns/core/gen/prism/common/errors.pb.go:569.14,571.3 1 0
github.com/jrepp/prism-data-layer/patterns/core/gen/prism/common/errors.pb.go:572.2,572.14 1 0
github.com/jrepp/prism-data-layer/patterns/core/gen/prism/common/errors.pb.go:575.60,576.14 1 0
github.com/jrepp/prism-data-layer/patterns/core/gen/prism/common/errors.pb.go:576.14,578.3 1 0
github.com/jrepp/prism-data-layer/patterns/core/gen/prism/common/errors.pb.go:579.2,579.12 1 0
github.com/jrepp/prism-data-layer/patterns/core/gen/prism/common/errors.pb.go:582.45,583.14 1 0
github.com/jrepp/prism-data-layer/patterns/core/gen/prism/common/errors.pb.go:583.14,585.3 1 0
github.com/jrepp/prism-data-layer/patterns/core/gen/prism/common/errors.pb.go:586.2,586.10 1 0
github.com/jrepp/prism-data-layer/patterns/core/gen/prism/common/errors.pb.go:589.60,590.14 1 0
github.com/jrepp/prism-data-layer/patterns/core/gen/prism/common/errors.pb.go:590.14,592.3 1 0
github.com/jrepp/prism-data-layer/patterns/core/gen/prism/common/errors.pb.go:593.2,593.53 1 0
github.com/jrepp/prism-data-layer/patterns/core/gen/prism/common/errors.pb.go:596.54,597.14 1 0
github.com/jrepp/prism-data-layer/patterns/core/gen/prism/common/errors.pb.go:597.14,599.3 1 0
github.com/jrepp/prism-data-layer/patterns/core/gen/prism/common/errors.pb.go:600.2,600.10 1 0
github.com/jrepp/prism-data-layer/patterns/core/gen/prism/common/errors.pb.go:603.47,604.14 1 0
github.com/jrepp/prism-data-layer/patterns/core/gen/prism/common/errors.pb.go:604.14,606.3 1 0
github.com/jrepp/prism-data-layer/patterns/core/gen/prism/common/errors.pb.go:607.2,607.11 1 0
github.com/jrepp/prism-data-layer/patterns/core/gen/prism/common/errors.pb.go:628.31,633.2 4 0
github.com/jrepp/prism-data-layer/patterns/core/gen/prism/common/errors.pb.go:635.39,637.2 1 0
github.com/jrepp/prism-data-layer/patterns/core/gen/prism/common/errors.pb.go:639.37,639.38 0 0
github.com/jrepp/prism-data-layer/patterns/core/gen/prism/common/errors.pb.go:641.59,643.14 2 0
github.com/jrepp/prism-data-layer/patterns/core/gen/prism/common/errors.pb.go:643.14,645.34 2 0
github.com/jrepp/prism-data-layer/patterns/core/gen/prism/common/errors.pb.go:645.34,647.4 1 0
github.com/jrepp/prism-data-layer/patterns/core/gen/prism/common/errors.pb.go:648.3,648.12 1 0
github.com/jrepp/prism-data-layer/patterns/core/gen/prism/common/errors.pb.go:650.2,650.24 1 0
github.com/jrepp/prism-data-layer/patterns/core/gen/prism/common/errors.pb.go:654.50,656.2 1 0
github.com/jrepp/prism-data-layer/patterns/core/gen/prism/common/errors.pb.go:658.56,659.14 1 0
github.com/jrepp/prism-data-layer/patterns/core/gen/prism/common/errors.pb.go:659.14,661.3 1 0
github.com/jrepp/prism-data-layer/patterns/core/gen/prism/common/errors.pb.go:662.2,662.12 1 0
github.com/jrepp/prism-data-layer/patterns/core/gen/prism/common/errors.pb.go:665.59,666.14 1 0
github.com/jrepp/prism-data-layer/patterns/core/gen/prism/common/errors.pb.go:666.14,667.58 1 0
github.com/jrepp/prism-data-layer/patterns/core/gen/prism/common/errors.pb.go:667.58,669.4 1 0
github.com/jrepp/prism-data-layer/patterns/core/gen/prism/common/errors.pb.go:671.2,671.12 1 0
github.com/jrepp/prism-data-layer/patterns/core/gen/prism/common/errors.pb.go:674.55,675.14 1 0
github.com/jrepp/prism-data-layer/patterns/core/gen/prism/common/errors.pb.go:675.14,676.56 1 0
github.com/jrepp/prism-data-layer/patterns/core/gen/prism/common/errors.pb.go:676.56,678.4 1 0
github.com/jrepp/prism-data-layer/patterns/core/gen/prism/common/errors.pb.go:680.2,680.12 1 0
github.com/jrepp/prism-data-layer/patterns/core/gen/prism/common/errors.pb.go:683.55,684.14 1 0
github.com/jrepp/prism-data-layer/patterns/core/gen/prism/common/errors.pb.go:684.14,685.56 1 0
github.com/jrepp/prism-data-layer/patterns/core/gen/prism/common/errors.pb.go:685.56,687.4 1 0
github.com/jrepp/prism-data-layer/patterns/core/gen/prism/common/errors.pb.go:689.2,689.12 1 0
github.com/jrepp/prism-data-layer/patterns/core/gen/prism/common/errors.pb.go:692.59,693.14 1 0
github.com/jrepp/prism-data-layer/patterns/core/gen/prism/common/errors.pb.go:693.14,694.58 1 0
github.com/jrepp/prism-data-layer/patterns/core/gen/prism/common/errors.pb.go:694.58,696.4 1 0
github.com/jrepp/prism-data-layer/patterns/core/gen/prism/common/errors.pb.go:698.2,698.12 1 0
github.com/jrepp/prism-data-layer/patterns/core/gen/prism/common/errors.pb.go:701.69,702.14 1 0
github.com/jrepp/prism-data-layer/patterns/core/gen/prism/common/errors.pb.go:702.14,703.63 1 0
github.com/jrepp/prism-data-layer/patterns/core/gen/prism/common/errors.pb.go:703.63,705.4 1 0
github.com/jrepp/prism-data-layer/patterns/core/gen/prism/common/errors.pb.go:707.2,707.12 1 0
github.com/jrepp/prism-data-layer/patterns/core/gen/prism/common/errors.pb.go:710.55,711.14 1 0
github.com/jrepp/prism-data-layer/patterns/core/gen/prism/common/errors.pb.go:711.14,712.56 1 0
github.com/jrepp/prism-data-layer/patterns/core/gen/prism/common/errors.pb.go:712.56,714.4 1 0
github.com/jrepp/prism-data-layer/patterns/core/gen/prism/common/errors.pb.go:716.2,716.12 1 0
github.com/jrepp/prism-data-layer/patterns/core/gen/prism/common/errors.pb.go:747.60,747.61 0 0
github.com/jrepp/prism-data-layer/patterns/core/gen/prism/common/errors.pb.go:749.58,749.59 0 0
github.com/jrepp/prism-data-layer/patterns/core/gen/prism/common/errors.pb.go:751.58,751.59 0 0
github.com/jrepp/prism-data-layer/patterns/core/gen/prism/common/errors.pb.go:753.60,753.61 0 0
github.com/jrepp/prism-data-layer/patterns/core/gen/prism/common/errors.pb.go:755.65,755.66 0 0
github.com/jrepp/prism-data-layer/patterns/core/gen/prism/common/errors.pb.go:757.58,757.59 0 0
github.com/jrepp/prism-data-layer/patterns/core/gen/prism/common/errors.pb.go:774.34,779.2 4 0
github.com/jrepp/prism-data-layer/patterns/core/gen/prism/common/errors.pb.go:781.42,783.2 1 0
github.com/jrepp/prism-data-layer/patterns/core/gen/prism/common/errors.pb.go:785.40,785.41 0 0
github.com/jrepp/prism-data-layer/patterns/core/gen/prism/common/errors.pb.go:787.62,789.14 2 0
github.com/jrepp/prism-data-layer/patterns/core/gen/prism/common/errors.pb.go:789.14,791.34 2 0
github.com/jrepp/prism-data-layer/patterns/core/gen/prism/common/errors.pb.go:791.34,793.4 1 0
github.com/jrepp/prism-data-layer/patterns/core/gen/prism/common/errors.pb.go:794.3,794.12 1 0
github.com/jrepp/prism-data-layer/patterns/core/gen/prism/common/errors.pb.go:796.2,796.24 1 0
github.com/jrepp/prism-data-layer/patterns/core/gen/prism/common/errors.pb.go:800.53,802.2 1 0
github.com/jrepp/prism-data-layer/patterns/core/gen/prism/common/errors.pb.go:804.44,805.14 1 0
github.com/jrepp/prism-data-layer/patterns/core/gen/prism/common/errors.pb.go:805.14,807.3 1 0
github.com/jrepp/prism-data-layer/patterns/core/gen/prism/common/errors.pb.go:808.2,808.11 1 0
github.com/jrepp/prism-data-layer/patterns/core/gen/prism/common/errors.pb.go:811.50,812.14 1 0
github.com/jrepp/prism-data-layer/patterns/core/gen/prism/common/errors.pb.go:812.14,814.3 1 0
github.com/jrepp/prism-data-layer/patterns/core/gen/prism/common/errors.pb.go:815.2,815.11 1 0
github.com/jrepp/prism-data-layer/patterns/core/gen/prism/common/errors.pb.go:818.51,819.14 1 0
github.com/jrepp/prism-data-layer/patterns/core/gen/prism/common/errors.pb.go:819.14,821.3 1 0
github.com/jrepp/prism-data-layer/patterns/core/gen/prism/common/errors.pb.go:822.2,822.11 1 0
github.com/jrepp/prism-data-layer/patterns/core/gen/prism/common/errors.pb.go:825.49,826.14 1 0
github.com/jrepp/prism-data-layer/patterns/core/gen/prism/common/errors.pb.go:826.14,828.3 1 0
github.com/jrepp/prism-data-layer/patterns/core/gen/prism/common/errors.pb.go:829.2,829.11 1 0
github.com/jrepp/prism-data-layer/patterns/core/gen/prism/common/errors.pb.go:853.32,858.2 4 0
github.com/jrepp/prism-data-layer/patterns/core/gen/prism/common/errors.pb.go:860.40,862.2 1 0
github.com/jrepp/prism-data-layer/patterns/core/gen/prism/common/errors.pb.go:864.38,864.39 0 0
github.com/jrepp/prism-data-layer/patterns/core/gen/prism/common/errors.pb.go:866.60,868.14 2 0
github.com/jrepp/prism-data-layer/patterns/core/gen/prism/common/errors.pb.go:868.14,870.34 2 0
github.com/jrepp/prism-data-layer/patterns/core/gen/prism/common/errors.pb.go:870.34,872.4 1 0
github.com/jrepp/prism-data-layer/patterns/core/gen/prism/common/errors.pb.go:873.3,873.12 1 0
github.com/jrepp/prism-data-layer/patterns/core/gen/prism/common/errors.pb.go:875.2,875.24 1 0
github.com/jrepp/prism-data-layer/patterns/core/gen/prism/common/errors.pb.go:879.51,881.2 1 0
github.com/jrepp/prism-data-layer/patterns/core/gen/prism/common/errors.pb.go:883.48,884.14 1 0
github.com/jrepp/prism-data-layer/patterns/core/gen/prism/common/errors.pb.go:884.14,886.3 1 0
github.com/jrepp/prism-data-layer/patterns/core/gen/prism/common/errors.pb.go:887.2,887.11 1 0
github.com/jrepp/prism-data-layer/patterns/core/gen/prism/common/errors.pb.go:890.52,891.14 1 0
github.com/jrepp/prism-data-layer/patterns/core/gen/prism/common/errors.pb.go:891.14,893.3 1 0
github.com/jrepp/prism-data-layer/patterns/core/gen/prism/common/errors.pb.go:894.2,894.11 1 0
github.com/jrepp/prism-data-layer/patterns/core/gen/prism/common/errors.pb.go:897.53,898.14 1 0
github.com/jrepp/prism-data-layer/patterns/core/gen/prism/common/errors.pb.go:898.14,900.3 1 0
github.com/jrepp/prism-data-layer/patterns/core/gen/prism/common/errors.pb.go:901.2,901.11 1 0
github.com/jrepp/prism-data-layer/patterns/core/gen/prism/common/errors.pb.go:904.56,905.14 1 0
github.com/jrepp/prism-data-layer/patterns/core/gen/prism/common/errors.pb.go:905.14,907.3 1 0
github.com/jrepp/prism-data-layer/patterns/core/gen/prism/common/errors.pb.go:908.2,908.11 1 0
github.com/jrepp/prism-data-layer/patterns/core/gen/prism/common/errors.pb.go:911.46,912.14 1 0
github.com/jrepp/prism-data-layer/patterns/core/gen/prism/common/errors.pb.go:912.14,914.3 1 0
github.com/jrepp/prism-data-layer/patterns/core/gen/prism/common/errors.pb.go:915.2,915.11 1 0
github.com/jrepp/prism-data-layer/patterns/core/gen/prism/common/errors.pb.go:918.60,919.14 1 0
github.com/jrepp/prism-data-layer/patterns/core/gen/prism/common/errors.pb.go:919.14,921.3 1 0
github.com/jrepp/prism-data-layer/patterns/core/gen/prism/common/errors.pb.go:922.2,922.12 1 0
github.com/jrepp/prism-data-layer/patterns/core/gen/prism/common/errors.pb.go:925.63,926.14 1 0
github.com/jrepp/prism-data-layer/patterns/core/gen/prism/common/errors.pb.go:926.14,928.3 1 0
github.com/jrepp/prism-data-layer/patterns/core/gen/prism/common/errors.pb.go:929.2,929.12 1 0
github.com/jrepp/prism-data-layer/patterns/core/gen/prism/common/errors.pb.go:944.39,949.2 4 0
github.com/jrepp/prism-data-layer/patterns/core/gen/prism/common/errors.pb.go:951.47,953.2 1 0
github.com/jrepp/prism-data-layer/patterns/core/gen/prism/common/errors.pb.go:955.45,955.46 0 0
github.com/jrepp/prism-data-layer/patterns/core/gen/prism/common/errors.pb.go:957.67,959.14 2 0
github.com/jrepp/prism-data-layer/patterns/core/gen/prism/common/errors.pb.go:959.14,961.34 2 0
github.com/jrepp/prism-data-layer/patterns/core/gen/prism/common/errors.pb.go:961.34,963.4 1 0
github.com/jrepp/prism-data-layer/patterns/core/gen/prism/common/errors.pb.go:964.3,964.12 1 0
github.com/jrepp/prism-data-layer/patterns/core/gen/prism/common/errors.pb.go:966.2,966.24 1 0
github.com/jrepp/prism-data-layer/patterns/core/gen/prism/common/errors.pb.go:970.58,972.2 1 0
github.com/jrepp/prism-data-layer/patterns/core/gen/prism/common/errors.pb.go:974.60,975.14 1 0
github.com/jrepp/prism-data-layer/patterns/core/gen/prism/common/errors.pb.go:975.14,977.3 1 0
github.com/jrepp/prism-data-layer/patterns/core/gen/prism/common/errors.pb.go:978.2,978.10 1 0
github.com/jrepp/prism-data-layer/patterns/core/gen/prism/common/errors.pb.go:981.58,982.14 1 0
github.com/jrepp/prism-data-layer/patterns/core/gen/prism/common/errors.pb.go:982.14,984.3 1 0
github.com/jrepp/prism-data-layer/patterns/core/gen/prism/common/errors.pb.go:985.2,985.10 1 0
github.com/jrepp/prism-data-layer/patterns/core/gen/prism/common/errors.pb.go:988.57,989.14 1 0
github.com/jrepp/prism-data-layer/patterns/core/gen/prism/common/errors.pb.go:989.14,991.3 1 0
github.com/jrepp/prism-data-layer/patterns/core/gen/prism/common/errors.pb.go:992.2,992.10 1 0
github.com/jrepp/prism-data-layer/patterns/core/gen/prism/common/errors.pb.go:995.52,996.14 1 0
github.com/jrepp/prism-data-layer/patterns/core/gen/prism/common/errors.pb.go:996.14,998.3 1 0
github.com/jrepp/prism-data-layer/patterns/core/gen/prism/common/errors.pb.go:999.2,999.10 1 0
github.com/jrepp/prism-data-layer/patterns/core/gen/prism/common/errors.pb.go:1002.70,1003.14 1 0
github.com/jrepp/prism-data-layer/patterns/core/gen/prism/common/errors.pb.go:1003.14,1005.3 1 0
github.com/jrepp/prism-data-layer/patterns/core/gen/prism/common/errors.pb.go:1006.2,1006.12 1 0
github.com/jrepp/prism-data-layer/patterns/core/gen/prism/common/errors.pb.go:1026.32,1031.2 4 0
github.com/jrepp/prism-data-layer/patterns/core/gen/prism/common/errors.pb.go:1033.40,1035.2 1 0
github.com/jrepp/prism-data-layer/patterns/core/gen/prism/common/errors.pb.go:1037.38,1037.39 0 0
github.com/jrepp/prism-data-layer/patterns/core/gen/prism/common/errors.pb.go:1039.60,1041.14 2 0
github.com/jrepp/prism-data-layer/patterns/core/gen/prism/common/errors.pb.go:1041.14,1043.34 2 0
github.com/jrepp/prism-data-layer/patterns/core/gen/prism/common/errors.pb.go:1043.34,1045.4 1 0
github.com/jrepp/prism-data-layer/patterns/core/gen/prism/common/errors.pb.go:1046.3,1046.12 1 0
github.com/jrepp/prism-data-layer/patterns/core/gen/prism/common/errors.pb.go:1048.2,1048.24 1 0
github.com/jrepp/prism-data-layer/patterns/core/gen/prism/common/errors.pb.go:1052.51,1054.2 1 0
github.com/jrepp/prism-data-layer/patterns/core/gen/prism/common/errors.pb.go:1056.48,1057.14 1 0
github.com/jrepp/prism-data-layer/patterns/core/gen/prism/common/errors.pb.go:1057.14,1059.3 1 0
github.com/jrepp/prism-data-layer/patterns/core/gen/prism/common/errors.pb.go:1060.2,1060.11 1 0
github.com/jrepp/prism-data-layer/patterns/core/gen/prism/common/errors.pb.go:1063.50,1064.14 1 0
github.com/jrepp/prism-data-layer/patterns/core/gen/prism/common/errors.pb.go:1064.14,1066.3 1 0
github.com/jrepp/prism-data-layer/patterns/core/gen/prism/common/errors.pb.go:1067.2,1067.11 1 0
github.com/jrepp/prism-data-layer/patterns/core/gen/prism/common/errors.pb.go:1070.45,1071.35 1 0
github.com/jrepp/prism-data-layer/patterns/core/gen/prism/common/errors.pb.go:1071.35,1073.3 1 0
github.com/jrepp/prism-data-layer/patterns/core/gen/prism/common/errors.pb.go:1074.2,1074.11 1 0
github.com/jrepp/prism-data-layer/patterns/core/gen/prism/common/errors.pb.go:1077.50,1078.14 1 0
github.com/jrepp/prism-data-layer/patterns/core/gen/prism/common/errors.pb.go:1078.14,1080.3 1 0
github.com/jrepp/prism-data-layer/patterns/core/gen/prism/common/errors.pb.go:1081.2,1081.11 1 0
github.com/jrepp/prism-data-layer/patterns/core/gen/prism/common/errors.pb.go:1084.58,1085.14 1 0
github.com/jrepp/prism-data-layer/patterns/core/gen/prism/common/errors.pb.go:1085.14,1087.3 1 0
github.com/jrepp/prism-data-layer/patterns/core/gen/prism/common/errors.pb.go:1088.2,1088.12 1 0
github.com/jrepp/prism-data-layer/patterns/core/gen/prism/common/errors.pb.go:1106.34,1111.2 4 0
github.com/jrepp/prism-data-layer/patterns/core/gen/prism/common/errors.pb.go:1113.42,1115.2 1 0
github.com/jrepp/prism-data-layer/patterns/core/gen/prism/common/errors.pb.go:1117.40,1117.41 0 0
github.com/jrepp/prism-data-layer/patterns/core/gen/prism/common/errors.pb.go:1119.62,1121.14 2 0
github.com/jrepp/prism-data-layer/patterns/core/gen/prism/common/errors.pb.go:1121.14,1123.34 2 0
github.com/jrepp/prism-data-layer/patterns/core/gen/prism/common/errors.pb.go:1123.34,1125.4 1 0
github.com/jrepp/prism-data-layer/patterns/core/gen/prism/common/errors.pb.go:1126.3,1126.12 1 0
github.com/jrepp/prism-data-layer/patterns/core/gen/prism/common/errors.pb.go:1128.2,1128.24 1 0
github.com/jrepp/prism-data-layer/patterns/core/gen/prism/common/errors.pb.go:1132.53,1134.2 1 0
github.com/jrepp/prism-data-layer/patterns/core/gen/prism/common/errors.pb.go:1136.48,1137.14 1 0
github.com/jrepp/prism-data-layer/patterns/core/gen/prism/common/errors.pb.go:1137.14,1139.3 1 0
github.com/jrepp/prism-data-layer/patterns/core/gen/prism/common/errors.pb.go:1140.2,1140.11 1 0
github.com/jrepp/prism-data-layer/patterns/core/gen/prism/common/errors.pb.go:1143.45,1144.14 1 0
github.com/jrepp/prism-data-layer/patterns/core/gen/prism/common/errors.pb.go:1144.14,1146.3 1 0
github.com/jrepp/prism-data-layer/patterns/core/gen/prism/common/errors.pb.go:1147.2,1147.10 1 0
github.com/jrepp/prism-data-layer/patterns/core/gen/prism/common/errors.pb.go:1150.43,1151.14 1 0
github.com/jrepp/prism-data-layer/patterns/core/gen/prism/common/errors.pb.go:1151.14,1153.3 1 0
github.com/jrepp/prism-data-layer/patterns/core/gen/prism/common/errors.pb.go:1154.2,1154.10 1 0
github.com/jrepp/prism-data-layer/patterns/core/gen/prism/common/errors.pb.go:1157.64,1158.14 1 0
github.com/jrepp/prism-data-layer/patterns/core/gen/prism/common/errors.pb.go:1158.14,1160.3 1 0
github.com/jrepp/prism-data-layer/patterns/core/gen/prism/common/errors.pb.go:1161.2,1161.12 1 0
github.com/jrepp/prism-data-layer/patterns/core/gen/prism/common/errors.pb.go:1181.39,1186.2 4 0
github.com/jrepp/prism-data-layer/patterns/core/gen/prism/common/errors.pb.go:1188.47,1190.2 1 0
github.com/jrepp/prism-data-layer/patterns/core/gen/prism/common/errors.pb.go:1192.45,1192.46 0 0
github.com/jrepp/prism-data-layer/patterns/core/gen/prism/common/errors.pb.go:1194.67,1196.14 2 0
github.com/jrepp/prism-data-layer/patterns/core/gen/prism/common/errors.pb.go:1196.14,1198.34 2 0
github.com/jrepp/prism-data-layer/patterns/core/gen/prism/common/errors.pb.go:1198.34,1200.4 1 0
github.com/jrepp/prism-data-layer/patterns/core/gen/prism/common/errors.pb.go:1201.3,1201.12 1 0
github.com/jrepp/prism-data-layer/patterns/core/gen/prism/common/errors.pb.go:1203.2,1203.24 1 0
github.com/jrepp/prism-data-layer/patterns/core/gen/prism/common/errors.pb.go:1207.58,1209.2 1 0
github.com/jrepp/prism-data-layer/patterns/core/gen/prism/common/errors.pb.go:1211.48,1212.14 1 0
github.com/jrepp/prism-data-layer/patterns/core/gen/prism/common/errors.pb.go:1212.14,1214.3 1 0
github.com/jrepp/prism-data-layer/patterns/core/gen/prism/common/errors.pb.go:1215.2,1215.11 1 0
github.com/jrepp/prism-data-layer/patterns/core/gen/prism/common/errors.pb.go:1218.49,1219.14 1 0
github.com/jrepp/prism-data-layer/patterns/core/gen/prism/common/errors.pb.go:1219.14,1221.3 1 0
github.com/jrepp/prism-data-layer/patterns/core/gen/prism/common/errors.pb.go:1222.2,1222.11 1 0
github.com/jrepp/prism-data-layer/patterns/core/gen/prism/common/errors.pb.go:1225.52,1226.14 1 0
github.com/jrepp/prism-data-layer/patterns/core/gen/prism/common/errors.pb.go:1226.14,1228.3 1 0
github.com/jrepp/prism-data-layer/patterns/core/gen/prism/common/errors.pb.go:1229.2,1229.11 1 0
github.com/jrepp/prism-data-layer/patterns/core/gen/prism/common/errors.pb.go:1232.50,1233.14 1 0
github.com/jrepp/prism-data-layer/patterns/core/gen/prism/common/errors.pb.go:1233.14,1235.3 1 0
github.com/jrepp/prism-data-layer/patterns/core/gen/prism/common/errors.pb.go:1236.2,1236.11 1 0
github.com/jrepp/prism-data-layer/patterns/core/gen/prism/common/errors.pb.go:1239.55,1240.14 1 0
github.com/jrepp/prism-data-layer/patterns/core/gen/prism/common/errors.pb.go:1240.14,1242.3 1 0
github.com/jrepp/prism-data-layer/patterns/core/gen/prism/common/errors.pb.go:1243.2,1243.11 1 0
github.com/jrepp/prism-data-layer/patterns/core/gen/prism/common/errors.pb.go:1261.32,1266.2 4 0
github.com/jrepp/prism-data-layer/patterns/core/gen/prism/common/errors.pb.go:1268.40,1270.2 1 0
github.com/jrepp/prism-data-layer/patterns/core/gen/prism/common/errors.pb.go:1272.38,1272.39 0 0
github.com/jrepp/prism-data-layer/patterns/core/gen/prism/common/errors.pb.go:1274.60,1276.14 2 0
github.com/jrepp/prism-data-layer/patterns/core/gen/prism/common/errors.pb.go:1276.14,1278.34 2 0
github.com/jrepp/prism-data-layer/patterns/core/gen/prism/common/errors.pb.go:1278.34,1280.4 1 0
github.com/jrepp/prism-data-layer/patterns/core/gen/prism/common/errors.pb.go:1281.3,1281.12 1 0
github.com/jrepp/prism-data-layer/patterns/core/gen/prism/common/errors.pb.go:1283.2,1283.24 1 0
github.com/jrepp/prism-data-layer/patterns/core/gen/prism/common/errors.pb.go:1287.51,1289.2 1 0
github.com/jrepp/prism-data-layer/patterns/core/gen/prism/common/errors.pb.go:1291.49,1292.14 1 0
github.com/jrepp/prism-data-layer/patterns/core/gen/prism/common/errors.pb.go:1292.14,1294.3 1 0
github.com/jrepp/prism-data-layer/patterns/core/gen/prism/common/errors.pb.go:1295.2,1295.11 1 0
github.com/jrepp/prism-data-layer/patterns/core/gen/prism/common/errors.pb.go:1298.47,1299.14 1 0
github.com/jrepp/prism-data-layer/patterns/core/gen/prism/common/errors.pb.go:1299.14,1301.3 1 0
github.com/jrepp/prism-data-layer/patterns/core/gen/prism/common/errors.pb.go:1302.2,1302.11 1 0
github.com/jrepp/prism-data-layer/patterns/core/gen/prism/common/errors.pb.go:1305.42,1306.14 1 0
github.com/jrepp/prism-data-layer/patterns/core/gen/prism/common/errors.pb.go:1306.14,1308.3 1 0
github.com/jrepp/prism-data-layer/patterns/core/gen/prism/common/errors.pb.go:1309.2,1309.11 1 0
github.com/jrepp/prism-data-layer/patterns/core/gen/prism/common/errors.pb.go:1312.56,1313.14 1 0
github.com/jrepp/prism-data-layer/patterns/core/gen/prism/common/errors.pb.go:1313.14,1315.3 1 0
github.com/jrepp/prism-data-layer/patterns/core/gen/prism/common/errors.pb.go:1316.2,1316.12 1 0
github.com/jrepp/prism-data-layer/patterns/core/gen/prism/common/errors.pb.go:1332.29,1337.2 4 0
github.com/jrepp/prism-data-layer/patterns/core/gen/prism/common/errors.pb.go:1339.37,1341.2 1 0
github.com/jrepp/prism-data-layer/patterns/core/gen/prism/common/errors.pb.go:1343.35,1343.36 0 0
github.com/jrepp/prism-data-layer/patterns/core/gen/prism/common/errors.pb.go:1345.57,1347.14 2 0
github.com/jrepp/prism-data-layer/patterns/core/gen/prism/common/errors.pb.go:1347.14,1349.34 2 0
github.com/jrepp/prism-data-layer/patterns/core/gen/prism/common/errors.pb.go:1349.34,1351.4 1 0
github.com/jrepp/prism-data-layer/patterns/core/gen/prism/common/errors.pb.go:1352.3,1352.12 1 0
github.com/jrepp/prism-data-layer/patterns/core/gen/prism/common/errors.pb.go:1354.2,1354.24 1 0
github.com/jrepp/prism-data-layer/patterns/core/gen/prism/common/errors.pb.go:1358.48,1360.2 1 0
github.com/jrepp/prism-data-layer/patterns/core/gen/prism/common/errors.pb.go:1362.39,1363.14 1 0
github.com/jrepp/prism-data-layer/patterns/core/gen/prism/common/errors.pb.go:1363.14,1365.3 1 0
github.com/jrepp/prism-data-layer/patterns/core/gen/prism/common/errors.pb.go:1366.2,1366.11 1 0
github.com/jrepp/prism-data-layer/patterns/core/gen/prism/common/errors.pb.go:1369.37,1370.14 1 0
github.com/jrepp/prism-data-layer/patterns/core/gen/prism/common/errors.pb.go:1370.14,1372.3 1 0
github.com/jrepp/prism-data-layer/patterns/core/gen/prism/common/errors.pb.go:1373.2,1373.11 1 0
github.com/jrepp/prism-data-layer/patterns/core/gen/prism/common/errors.pb.go:1376.42,1377.14 1 0
github.com/jrepp/prism-data-layer/patterns/core/gen/prism/common/errors.pb.go:1377.14,1379.3 1 0
github.com/jrepp/prism-data-layer/patterns/core/gen/prism/common/errors.pb.go:1380.2,1380.11 1 0
github.com/jrepp/prism-data-layer/patterns/core/gen/prism/common/errors.pb.go:1401.29,1406.2 4 0
github.com/jrepp/prism-data-layer/patterns/core/gen/prism/common/errors.pb.go:1408.37,1410.2 1 0
github.com/jrepp/prism-data-layer/patterns/core/gen/prism/common/errors.pb.go:1412.35,1412.36 0 0
github.com/jrepp/prism-data-layer/patterns/core/gen/prism/common/errors.pb.go:1414.57,1416.14 2 0
github.com/jrepp/prism-data-layer/patterns/core/gen/prism/common/errors.pb.go:1416.14,1418.34 2 0
github.com/jrepp/prism-data-layer/patterns/core/gen/prism/common/errors.pb.go:1418.34,1420.4 1 0
github.com/jrepp/prism-data-layer/patterns/core/gen/prism/common/errors.pb.go:1421.3,1421.12 1 0
github.com/jrepp/prism-data-layer/patterns/core/gen/prism/common/errors.pb.go:1423.2,1423.24 1 0
github.com/jrepp/prism-data-layer/patterns/core/gen/prism/common/errors.pb.go:1427.48,1429.2 1 0
github.com/jrepp/prism-data-layer/patterns/core/gen/prism/common/errors.pb.go:1431.48,1432.14 1 0
github.com/jrepp/prism-data-layer/patterns/core/gen/prism/common/errors.pb.go:1432.14,1434.3 1 0
github.com/jrepp/prism-data-layer/patterns/core/gen/prism/common/errors.pb.go:1435.2,1435.12 1 0
github.com/jrepp/prism-data-layer/patterns/core/gen/prism/common/errors.pb.go:1438.40,1439.14 1 0
github.com/jrepp/prism-data-layer/patterns/core/gen/prism/common/errors.pb.go:1439.14,1441.3 1 0
github.com/jrepp/prism-data-layer/patterns/core/gen/prism/common/errors.pb.go:1442.2,1442.11 1 0
github.com/jrepp/prism-data-layer/patterns/core/gen/prism/common/errors.pb.go:1445.41,1446.14 1 0
github.com/jrepp/prism-data-layer/patterns/core/gen/prism/common/errors.pb.go:1446.14,1448.3 1 0
github.com/jrepp/prism-data-layer/patterns/core/gen/prism/common/errors.pb.go:1449.2,1449.11 1 0
github.com/jrepp/prism-data-layer/patterns/core/gen/prism/common/errors.pb.go:1452.40,1453.14 1 0
github.com/jrepp/prism-data-layer/patterns/core/gen/prism/common/errors.pb.go:1453.14,1455.3 1 0
github.com/jrepp/prism-data-layer/patterns/core/gen/prism/common/errors.pb.go:1456.2,1456.11 1 0
github.com/jrepp/prism-data-layer/patterns/core/gen/prism/common/errors.pb.go:1459.58,1460.14 1 0
github.com/jrepp/prism-data-layer/patterns/core/gen/prism/common/errors.pb.go:1460.14,1462.3 1 0
github.com/jrepp/prism-data-layer/patterns/core/gen/prism/common/errors.pb.go:1463.2,1463.12 1 0
github.com/jrepp/prism-data-layer/patterns/core/gen/prism/common/errors.pb.go:1483.33,1488.2 4 0
github.com/jrepp/prism-data-layer/patterns/core/gen/prism/common/errors.pb.go:1490.41,1492.2 1 0
github.com/jrepp/prism-data-layer/patterns/core/gen/prism/common/errors.pb.go:1494.39,1494.40 0 0
github.com/jrepp/prism-data-layer/patterns/core/gen/prism/common/errors.pb.go:1496.61,1498.14 2 0
github.com/jrepp/prism-data-layer/patterns/core/gen/prism/common/errors.pb.go:1498.14,1500.34 2 0
github.com/jrepp/prism-data-layer/patterns/core/gen/prism/common/errors.pb.go:1500.34,1502.4 1 0
github.com/jrepp/prism-data-layer/patterns/core/gen/prism/common/errors.pb.go:1503.3,1503.12 1 0
github.com/jrepp/prism-data-layer/patterns/core/gen/prism/common/errors.pb.go:1505.2,1505.24 1 0
github.com/jrepp/prism-data-layer/patterns/core/gen/prism/common/errors.pb.go:1509.52,1511.2 1 0
github.com/jrepp/prism-data-layer/patterns/core/gen/prism/common/errors.pb.go:1513.43,1514.14 1 0
github.com/jrepp/prism-data-layer/patterns/core/gen/prism/common/errors.pb.go:1514.14,1516.3 1 0
github.com/jrepp/prism-data-layer/patterns/core/gen/prism/common/errors.pb.go:1517.2,1517.12 1 0
github.com/jrepp/prism-data-layer/patterns/core/gen/prism/common/errors.pb.go:1520.50,1521.14 1 0
github.com/jrepp/prism-data-layer/patterns/core/gen/prism/common/errors.pb.go:1521.14,1523.3 1 0
github.com/jrepp/prism-data-layer/patterns/core/gen/prism/common/errors.pb.go:1524.2,1524.14 1 0
github.com/jrepp/prism-data-layer/patterns/core/gen/prism/common/errors.pb.go:1527.49,1528.14 1 0
github.com/jrepp/prism-data-layer/patterns/core/gen/prism/common/errors.pb.go:1528.14,1530.3 1 0
github.com/jrepp/prism-data-layer/patterns/core/gen/prism/common/errors.pb.go:1531.2,1531.10 1 0
github.com/jrepp/prism-data-layer/patterns/core/gen/prism/common/errors.pb.go:1534.49,1535.14 1 0
github.com/jrepp/prism-data-layer/patterns/core/gen/prism/common/errors.pb.go:1535.14,1537.3 1 0
github.com/jrepp/prism-data-layer/patterns/core/gen/prism/common/errors.pb.go:1538.2,1538.10 1 0
github.com/jrepp/prism-data-layer/patterns/core/gen/prism/common/errors.pb.go:1541.54,1542.14 1 0
github.com/jrepp/prism-data-layer/patterns/core/gen/prism/common/errors.pb.go:1542.14,1544.3 1 0
github.com/jrepp/prism-data-layer/patterns/core/gen/prism/common/errors.pb.go:1545.2,1545.12 1 0
github.com/jrepp/prism-data-layer/patterns/core/gen/prism/common/errors.pb.go:1561.29,1566.2 4 0
github.com/jrepp/prism-data-layer/patterns/core/gen/prism/common/errors.pb.go:1568.37,1570.2 1 0
github.com/jrepp/prism-data-layer/patterns/core/gen/prism/common/errors.pb.go:1572.35,1572.36 0 0
github.com/jrepp/prism-data-layer/patterns/core/gen/prism/common/errors.pb.go:1574.57,1576.14 2 0
github.com/jrepp/prism-data-layer/patterns/core/gen/prism/common/errors.pb.go:1576.14,1578.34 2 0
github.com/jrepp/prism-data-layer/patterns/core/gen/prism/common/errors.pb.go:1578.34,1580.4 1 0
github.com/jrepp/prism-data-layer/patterns/core/gen/prism/common/errors.pb.go:1581.3,1581.12 1 0
github.com/jrepp/prism-data-layer/patterns/core/gen/prism/common/errors.pb.go:1583.2,1583.24 1 0
github.com/jrepp/prism-data-layer/patterns/core/gen/prism/common/errors.pb.go:1587.48,1589.2 1 0
github.com/jrepp/prism-data-layer/patterns/core/gen/prism/common/errors.pb.go:1591.38,1592.14 1 0
github.com/jrepp/prism-data-layer/patterns/core/gen/prism/common/errors.pb.go:1592.14,1594.3 1 0
github.com/jrepp/prism-data-layer/patterns/core/gen/prism/common/errors.pb.go:1595.2,1595.10 1 0
github.com/jrepp/prism-data-layer/patterns/core/gen/prism/common/errors.pb.go:1598.40,1599.14 1 0
github.com/jrepp/prism-data-layer/patterns/core/gen/prism/common/errors.pb.go:1599.14,1601.3 1 0
github.com/jrepp/prism-data-layer/patterns/core/gen/prism/common/errors.pb.go:1602.2,1602.11 1 0
github.com/jrepp/prism-data-layer/patterns/core/gen/prism/common/errors.pb.go:1605.39,1606.14 1 0
github.com/jrepp/prism-data-layer/patterns/core/gen/prism/common/errors.pb.go:1606.14,1608.3 1 0
github.com/jrepp/prism-data-layer/patterns/core/gen/prism/common/errors.pb.go:1609.2,1609.12 1 0
github.com/jrepp/prism-data-layer/patterns/core/gen/prism/common/errors.pb.go:1800.58,1801.55 1 0
github.com/jrepp/prism-data-layer/patterns/core/gen/prism/common/errors.pb.go:1801.55,1803.3 1 0
github.com/jrepp/prism-data-layer/patterns/core/gen/prism/common/errors.pb.go:1804.2,1804.51 1 0
github.com/jrepp/prism-data-layer/patterns/core/gen/prism/common/errors.pb.go:1870.13,1870.54 1 1
github.com/jrepp/prism-data-layer/patterns/core/gen/prism/common/errors.pb.go:1871.44,1872.43 1 1
github.com/jrepp/prism-data-layer/patterns/core/gen/prism/common/errors.pb.go:1872.43,1874.3 1 0
github.com/jrepp/prism-data-layer/patterns/core/gen/prism/common/errors.pb.go:1875.2,1903.46 9 1
github.com/jrepp/prism-data-layer/patterns/core/gen/prism/common/metadata.pb.go:42.32,47.2 4 0
github.com/jrepp/prism-data-layer/patterns/core/gen/prism/common/metadata.pb.go:49.40,51.2 1 0
github.com/jrepp/prism-data-layer/patterns/core/gen/prism/common/metadata.pb.go:53.38,53.39 0 0
github.com/jrepp/prism-data-layer/patterns/core/gen/prism/common/metadata.pb.go:55.60,57.14 2 0
github.com/jrepp/prism-data-layer/patterns/core/gen/prism/common/metadata.pb.go:57.14,59.34 2 0
github.com/jrepp/prism-data-layer/patterns/core/gen/prism/common/metadata.pb.go:59.34,61.4 1 0
github.com/jrepp/prism-data-layer/patterns/core/gen/prism/common/metadata.pb.go:62.3,62.12 1 0
github.com/jrepp/prism-data-layer/patterns/core/gen/prism/common/metadata.pb.go:64.2,64.24 1 0
github.com/jrepp/prism-data-layer/patterns/core/gen/prism/common/metadata.pb.go:68.51,70.2 1 0
github.com/jrepp/prism-data-layer/patterns/core/gen/prism/common/metadata.pb.go:72.57,73.14 1 0
github.com/jrepp/prism-data-layer/patterns/core/gen/prism/common/metadata.pb.go:73.14,75.3 1 0
github.com/jrepp/prism-data-layer/patterns/core/gen/prism/common/metadata.pb.go:76.2,76.53 1 0
github.com/jrepp/prism-data-layer/patterns/core/gen/prism/common/metadata.pb.go:79.56,80.14 1 0
github.com/jrepp/prism-data-layer/patterns/core/gen/prism/common/metadata.pb.go:80.14,82.3 1 0
github.com/jrepp/prism-data-layer/patterns/core/gen/prism/common/metadata.pb.go:83.2,83.12 1 0
github.com/jrepp/prism-data-layer/patterns/core/gen/prism/common/metadata.pb.go:86.46,87.14 1 0
github.com/jrepp/prism-data-layer/patterns/core/gen/prism/common/metadata.pb.go:87.14,89.3 1 0
github.com/jrepp/prism-data-layer/patterns/core/gen/prism/common/metadata.pb.go:90.2,90.10 1 0
github.com/jrepp/prism-data-layer/patterns/core/gen/prism/common/metadata.pb.go:93.53,94.14 1 0
github.com/jrepp/prism-data-layer/patterns/core/gen/prism/common/metadata.pb.go:94.14,96.3 1 0
github.com/jrepp/prism-data-layer/patterns/core/gen/prism/common/metadata.pb.go:97.2,97.12 1 0
github.com/jrepp/prism-data-layer/patterns/core/gen/prism/common/metadata.pb.go:100.51,101.14 1 0
github.com/jrepp/prism-data-layer/patterns/core/gen/prism/common/metadata.pb.go:101.14,103.3 1 0
github.com/jrepp/prism-data-layer/patterns/core/gen/prism/common/metadata.pb.go:104.2,104.10 1 0
github.com/jrepp/prism-data-layer/patterns/core/gen/prism/common/metadata.pb.go:107.51,108.14 1 0
github.com/jrepp/prism-data-layer/patterns/core/gen/prism/common/metadata.pb.go:108.14,110.3 1 0
github.com/jrepp/prism-data-layer/patterns/core/gen/prism/common/metadata.pb.go:111.2,111.10 1 0
github.com/jrepp/prism-data-layer/patterns/core/gen/prism/common/metadata.pb.go:122.34,127.2 4 0
github.com/jrepp/prism-data-layer/patterns/core/gen/prism/common/metadata.pb.go:129.42,131.2 1 0
github.com/jrepp/prism-data-layer/patterns/core/gen/prism/common/metadata.pb.go:133.40,133.41 0 0
github.com/jrepp/prism-data-layer/patterns/core/gen/prism/common/metadata.pb.go:135.62,137.14 2 0
github.com/jrepp/prism-data-layer/patterns/core/gen/prism/common/metadata.pb.go:137.14,139.34 2 0
github.com/jrepp/prism-data-layer/patterns/core/gen/prism/common/metadata.pb.go:139.34,141.4 1 0
github.com/jrepp/prism-data-layer/patterns/core/gen/prism/common/metadata.pb.go:142.3,142.12 1 0
github.com/jrepp/prism-data-layer/patterns/core/gen/prism/common/metadata.pb.go:144.2,144.24 1 0
github.com/jrepp/prism-data-layer/patterns/core/gen/prism/common/metadata.pb.go:148.53,150.2 1 0
github.com/jrepp/prism-data-layer/patterns/core/gen/prism/common/metadata.pb.go:152.48,153.14 1 0
github.com/jrepp/prism-data-layer/patterns/core/gen/prism/common/metadata.pb.go:153.14,155.3 1 0
github.com/jrepp/prism-data-layer/patterns/core/gen/prism/common/metadata.pb.go:156.2,156.11 1 0
github.com/jrepp/prism-data-layer/patterns/core/gen/prism/common/metadata.pb.go:159.44,160.14 1 0
github.com/jrepp/prism-data-layer/patterns/core/gen/prism/common/metadata.pb.go:160.14,162.3 1 0
github.com/jrepp/prism-data-layer/patterns/core/gen/prism/common/metadata.pb.go:163.2,163.11 1 0
github.com/jrepp/prism-data-layer/patterns/core/gen/prism/common/metadata.pb.go:176.33,181.2 4 0
github.com/jrepp/prism-data-layer/patterns/core/gen/prism/common/metadata.pb.go:183.41,185.2 1 0
github.com/jrepp/prism-data-layer/patterns/core/gen/prism/common/metadata.pb.go:187.39,187.40 0 0
github.com/jrepp/prism-data-layer/patterns/core/gen/prism/common/metadata.pb.go:189.61,191.14 2 0
github.com/jrepp/prism-data-layer/patterns/core/gen/prism/common/metadata.pb.go:191.14,193.34 2 0
github.com/jrepp/prism-data-layer/patterns/core/gen/prism/common/metadata.pb.go:193.34,195.4 1 0
github.com/jrepp/prism-data-layer/patterns/core/gen/prism/common/metadata.pb.go:196.3,196.12 1 0
github.com/jrepp/prism-data-layer/patterns/core/gen/prism/common/metadata.pb.go:198.2,198.24 1 0
github.com/jrepp/prism-data-layer/patterns/core/gen/prism/common/metadata.pb.go:202.52,204.2 1 0
github.com/jrepp/prism-data-layer/patterns/core/gen/prism/common/metadata.pb.go:206.48,207.14 1 0
github.com/jrepp/prism-data-layer/patterns/core/gen/prism/common/metadata.pb.go:207.14,209.3 1 0
github.com/jrepp/prism-data-layer/patterns/core/gen/prism/common/metadata.pb.go:210.2,210.10 1 0
github.com/jrepp/prism-data-layer/patterns/core/gen/prism/common/metadata.pb.go:213.51,214.14 1 0
github.com/jrepp/prism-data-layer/patterns/core/gen/prism/common/metadata.pb.go:214.14,216.3 1 0
github.com/jrepp/prism-data-layer/patterns/core/gen/prism/common/metadata.pb.go:217.2,217.10 1 0
github.com/jrepp/prism-data-layer/patterns/core/gen/prism/common/metadata.pb.go:220.51,221.14 1 0
github.com/jrepp/prism-data-layer/patterns/core/gen/prism/common/metadata.pb.go:221.14,223.3 1 0
github.com/jrepp/prism-data-layer/patterns/core/gen/prism/common/metadata.pb.go:224.2,224.11 1 0
github.com/jrepp/prism-data-layer/patterns/core/gen/prism/common/metadata.pb.go:227.42,228.14 1 0
github.com/jrepp/prism-data-layer/patterns/core/gen/prism/common/metadata.pb.go:228.14,230.3 1 0
github.com/jrepp/prism-data-layer/patterns/core/gen/prism/common/metadata.pb.go:231.2,231.12 1 0
github.com/jrepp/prism-data-layer/patterns/core/gen/prism/common/metadata.pb.go:264.60,265.57 1 0
github.com/jrepp/prism-data-layer/patterns/core/gen/prism/common/metadata.pb.go:265.57,267.3 1 0
github.com/jrepp/prism-data-layer/patterns/core/gen/prism/common/metadata.pb.go:268.2,268.53 1 0
github.com/jrepp/prism-data-layer/patterns/core/gen/prism/common/metadata.pb.go:289.13,289.56 1 1
github.com/jrepp/prism-data-layer/patterns/core/gen/prism/common/metadata.pb.go:290.46,291.45 1 1
github.com/jrepp/prism-data-layer/patterns/core/gen/prism/common/metadata.pb.go:291.45,293.3 1 0
github.com/jrepp/prism-data-layer/patterns/core/gen/prism/common/metadata.pb.go:294.2,311.48 6 1
github.com/jrepp/prism-data-layer/patterns/core/gen/prism/common/types.pb.go:53.50,57.2 3 0
github.com/jrepp/prism-data-layer/patterns/core/gen/prism/common/types.pb.go:59.42,61.2 1 0
github.com/jrepp/prism-data-layer/patterns/core/gen/prism/common/types.pb.go:63.65,65.2 1 0
github.com/jrepp/prism-data-layer/patterns/core/gen/prism/common/types.pb.go:67.53,69.2 1 0
github.com/jrepp/prism-data-layer/patterns/core/gen/prism/common/types.pb.go:71.59,73.2 1 0
github.com/jrepp/prism-data-layer/patterns/core/gen/prism/common/types.pb.go:76.57,78.2 1 0
github.com/jrepp/prism-data-layer/patterns/core/gen/prism/common/types.pb.go:106.52,110.2 3 0
github.com/jrepp/prism-data-layer/patterns/core/gen/prism/common/types.pb.go:112.43,114.2 1 0
github.com/jrepp/prism-data-layer/patterns/core/gen/prism/common/types.pb.go:116.66,118.2 1 0
github.com/jrepp/prism-data-layer/patterns/core/gen/prism/common/types.pb.go:120.54,122.2 1 0
github.com/jrepp/prism-data-layer/patterns/core/gen/prism/common/types.pb.go:124.60,126.2 1 0
github.com/jrepp/prism-data-layer/patterns/core/gen/prism/common/types.pb.go:129.58,131.2 1 0
github.com/jrepp/prism-data-layer/patterns/core/gen/prism/common/types.pb.go:141.29,146.2 4 0
github.com/jrepp/prism-data-layer/patterns/core/gen/prism/common/types.pb.go:148.37,150.2 1 0
github.com/jrepp/prism-data-layer/patterns/core/gen/prism/common/types.pb.go:152.35,152.36 0 0
github.com/jrepp/prism-data-layer/patterns/core/gen/prism/common/types.pb.go:154.57,156.14 2 0
github.com/jrepp/prism-data-layer/patterns/core/gen/prism/common/types.pb.go:156.14,158.34 2 0
github.com/jrepp/prism-data-layer/patterns/core/gen/prism/common/types.pb.go:158.34,160.4 1 0
github.com/jrepp/prism-data-layer/patterns/core/gen/prism/common/types.pb.go:161.3,161.12 1 0
github.com/jrepp/prism-data-layer/patterns/core/gen/prism/common/types.pb.go:163.2,163.24 1 0
github.com/jrepp/prism-data-layer/patterns/core/gen/prism/common/types.pb.go:167.48,169.2 1 0
github.com/jrepp/prism-data-layer/patterns/core/gen/prism/common/types.pb.go:171.39,172.14 1 0
github.com/jrepp/prism-data-layer/patterns/core/gen/prism/common/types.pb.go:172.14,174.3 1 0
github.com/jrepp/prism-data-layer/patterns/core/gen/prism/common/types.pb.go:175.2,175.10 1 0
github.com/jrepp/prism-data-layer/patterns/core/gen/prism/common/types.pb.go:186.24,191.2 4 0
github.com/jrepp/prism-data-layer/patterns/core/gen/prism/common/types.pb.go:193.32,195.2 1 0
github.com/jrepp/prism-data-layer/patterns/core/gen/prism/common/types.pb.go:197.30,197.31 0 0
github.com/jrepp/prism-data-layer/patterns/core/gen/prism/common/types.pb.go:199.52,201.14 2 0
github.com/jrepp/prism-data-layer/patterns/core/gen/prism/common/types.pb.go:201.14,203.34 2 0
github.com/jrepp/prism-data-layer/patterns/core/gen/prism/common/types.pb.go:203.34,205.4 1 0
github.com/jrepp/prism-data-layer/patterns/core/gen/prism/common/types.pb.go:206.3,206.12 1 0
github.com/jrepp/prism-data-layer/patterns/core/gen/prism/common/types.pb.go:208.2,208.24 1 0
github.com/jrepp/prism-data-layer/patterns/core/gen/prism/common/types.pb.go:212.43,214.2 1 0
github.com/jrepp/prism-data-layer/patterns/core/gen/prism/common/types.pb.go:216.34,217.14 1 0
github.com/jrepp/prism-data-layer/patterns/core/gen/prism/common/types.pb.go:217.14,219.3 1 0
github.com/jrepp/prism-data-layer/patterns/core/gen/prism/common/types.pb.go:220.2,220.11 1 0
github.com/jrepp/prism-data-layer/patterns/core/gen/prism/common/types.pb.go:231.26,236.2 4 0
github.com/jrepp/prism-data-layer/patterns/core/gen/prism/common/types.pb.go:238.34,240.2 1 0
github.com/jrepp/prism-data-layer/patterns/core/gen/prism/common/types.pb.go:242.32,242.33 0 0
github.com/jrepp/prism-data-layer/patterns/core/gen/prism/common/types.pb.go:244.54,246.14 2 0
github.com/jrepp/prism-data-layer/patterns/core/gen/prism/common/types.pb.go:246.14,248.34 2 0
github.com/jrepp/prism-data-layer/patterns/core/gen/prism/common/types.pb.go:248.34,250.4 1 0
github.com/jrepp/prism-data-layer/patterns/core/gen/prism/common/types.pb.go:251.3,251.12 1 0
github.com/jrepp/prism-data-layer/patterns/core/gen/prism/common/types.pb.go:253.2,253.24 1 0
github.com/jrepp/prism-data-layer/patterns/core/gen/prism/common/types.pb.go:257.45,259.2 1 0
github.com/jrepp/prism-data-layer/patterns/core/gen/prism/common/types.pb.go:261.36,262.14 1 0
github.com/jrepp/prism-data-layer/patterns/core/gen/prism/common/types.pb.go:262.14,264.3 1 0
github.com/jrepp/prism-data-layer/patterns/core/gen/prism/common/types.pb.go:265.2,265.12 1 0
github.com/jrepp/prism-data-layer/patterns/core/gen/prism/common/types.pb.go:277.29,282.2 4 0
github.com/jrepp/prism-data-layer/patterns/core/gen/prism/common/types.pb.go:284.37,286.2 1 0
github.com/jrepp/prism-data-layer/patterns/core/gen/prism/common/types.pb.go:288.35,288.36 0 0
github.com/jrepp/prism-data-layer/patterns/core/gen/prism/common/types.pb.go:290.57,292.14 2 0
github.com/jrepp/prism-data-layer/patterns/core/gen/prism/common/types.pb.go:292.14,294.34 2 0
github.com/jrepp/prism-data-layer/patterns/core/gen/prism/common/types.pb.go:294.34,296.4 1 0
github.com/jrepp/prism-data-layer/patterns/core/gen/prism/common/types.pb.go:297.3,297.12 1 0
github.com/jrepp/prism-data-layer/patterns/core/gen/prism/common/types.pb.go:299.2,299.24 1 0
github.com/jrepp/prism-data-layer/patterns/core/gen/prism/common/types.pb.go:303.48,305.2 1 0
github.com/jrepp/prism-data-layer/patterns/core/gen/prism/common/types.pb.go:307.44,308.14 1 0
github.com/jrepp/prism-data-layer/patterns/core/gen/prism/common/types.pb.go:308.14,310.3 1 0
github.com/jrepp/prism-data-layer/patterns/core/gen/prism/common/types.pb.go:311.2,311.10 1 0
github.com/jrepp/prism-data-layer/patterns/core/gen/prism/common/types.pb.go:314.42,315.14 1 0
github.com/jrepp/prism-data-layer/patterns/core/gen/prism/common/types.pb.go:315.14,317.3 1 0
github.com/jrepp/prism-data-layer/patterns/core/gen/prism/common/types.pb.go:318.2,318.10 1 0
github.com/jrepp/prism-data-layer/patterns/core/gen/prism/common/types.pb.go:329.24,334.2 4 0
github.com/jrepp/prism-data-layer/patterns/core/gen/prism/common/types.pb.go:336.32,338.2 1 0
github.com/jrepp/prism-data-layer/patterns/core/gen/prism/common/types.pb.go:340.30,340.31 0 0
github.com/jrepp/prism-data-layer/patterns/core/gen/prism/common/types.pb.go:342.52,344.14 2 0
github.com/jrepp/prism-data-layer/patterns/core/gen/prism/common/types.pb.go:344.14,346.34 2 0
github.com/jrepp/prism-data-layer/patterns/core/gen/prism/common/types.pb.go:346.34,348.4 1 0
github.com/jrepp/prism-data-layer/patterns/core/gen/prism/common/types.pb.go:349.3,349.12 1 0
github.com/jrepp/prism-data-layer/patterns/core/gen/prism/common/types.pb.go:351.2,351.24 1 0
github.com/jrepp/prism-data-layer/patterns/core/gen/prism/common/types.pb.go:355.43,357.2 1 0
github.com/jrepp/prism-data-layer/patterns/core/gen/prism/common/types.pb.go:359.44,360.14 1 0
github.com/jrepp/prism-data-layer/patterns/core/gen/prism/common/types.pb.go:360.14,362.3 1 0
github.com/jrepp/prism-data-layer/patterns/core/gen/prism/common/types.pb.go:363.2,363.12 1 0
github.com/jrepp/prism-data-layer/patterns/core/gen/prism/common/types.pb.go:405.57,406.54 1 0
github.com/jrepp/prism-data-layer/patterns/core/gen/prism/common/types.pb.go:406.54,408.3 1 0
github.com/jrepp/prism-data-layer/patterns/core/gen/prism/common/types.pb.go:409.2,409.50 1 0
github.com/jrepp/prism-data-layer/patterns/core/gen/prism/common/types.pb.go:433.13,433.53 1 1
github.com/jrepp/prism-data-layer/patterns/core/gen/prism/common/types.pb.go:434.43,435.42 1 1
github.com/jrepp/prism-data-layer/patterns/core/gen/prism/common/types.pb.go:435.42,437.3 1 1
github.com/jrepp/prism-data-layer/patterns/core/gen/prism/common/types.pb.go:438.2,455.45 5 1
github.com/jrepp/prism-data-layer/patterns/core/gen/prism/interfaces/lifecycle.pb.go:51.44,55.2 3 0
github.com/jrepp/prism-data-layer/patterns/core/gen/prism/interfaces/lifecycle.pb.go:57.39,59.2 1 0
github.com/jrepp/prism-data-layer/patterns/core/gen/prism/interfaces/lifecycle.pb.go:61.62,63.2 1 0
github.com/jrepp/prism-data-layer/patterns/core/gen/prism/interfaces/lifecycle.pb.go:65.50,67.2 1 0
github.com/jrepp/prism-data-layer/patterns/core/gen/prism/interfaces/lifecycle.pb.go:69.56,71.2 1 0
github.com/jrepp/prism-data-layer/patterns/core/gen/prism/interfaces/lifecycle.pb.go:74.54,76.2 1 0
github.com/jrepp/prism-data-layer/patterns/core/gen/prism/interfaces/lifecycle.pb.go:91.37,96.2 4 0
github.com/jrepp/prism-data-layer/patterns/core/gen/prism/interfaces/lifecycle.pb.go:98.45,100.2 1 0
github.com/jrepp/prism-data-layer/patterns/core/gen/prism/interfaces/lifecycle.pb.go:102.43,102.44 0 0
github.com/jrepp/prism-data-layer/patterns/core/gen/prism/interfaces/lifecycle.pb.go:104.65,106.14 2 0
github.com/jrepp/prism-data-layer/patterns/core/gen/prism/interfaces/lifecycle.pb.go:106.14,108.34 2 0
github.com/jrepp/prism-data-layer/patterns/core/gen/prism/interfaces/lifecycle.pb.go:108.34,110.4 1 0
github.com/jrepp/prism-data-layer/patterns/core/gen/prism/interfaces/lifecycle.pb.go:111.3,111.12 1 0
github.com/jrepp/prism-data-layer/patterns/core/gen/prism/interfaces/lifecycle.pb.go:113.2,113.24 1 0
github.com/jrepp/prism-data-layer/patterns/core/gen/prism/interfaces/lifecycle.pb.go:117.56,119.2 1 0
github.com/jrepp/prism-data-layer/patterns/core/gen/prism/interfaces/lifecycle.pb.go:121.46,122.14 1 0
github.com/jrepp/prism-data-layer/patterns/core/gen/prism/interfaces/lifecycle.pb.go:122.14,124.3 1 0
github.com/jrepp/prism-data-layer/patterns/core/gen/prism/interfaces/lifecycle.pb.go:125.2,125.11 1 0
github.com/jrepp/prism-data-layer/patterns/core/gen/prism/interfaces/lifecycle.pb.go:128.49,129.14 1 0
github.com/jrepp/prism-data-layer/patterns/core/gen/prism/interfaces/lifecycle.pb.go:129.14,131.3 1 0
github.com/jrepp/prism-data-layer/patterns/core/gen/prism/interfaces/lifecycle.pb.go:132.2,132.11 1 0
github.com/jrepp/prism-data-layer/patterns/core/gen/prism/interfaces/lifecycle.pb.go:135.58,136.14 1 0
github.com/jrepp/prism-data-layer/patterns/core/gen/prism/interfaces/lifecycle.pb.go:136.14,138.3 1 0
github.com/jrepp/prism-data-layer/patterns/core/gen/prism/interfaces/lifecycle.pb.go:139.2,139.12 1 0
github.com/jrepp/prism-data-layer/patterns/core/gen/prism/interfaces/lifecycle.pb.go:155.38,160.2 4 0
github.com/jrepp/prism-data-layer/patterns/core/gen/prism/interfaces/lifecycle.pb.go:162.46,164.2 1 0
github.com/jrepp/prism-data-layer/patterns/core/gen/prism/interfaces/lifecycle.pb.go:166.44,166.45 0 0
github.com/jrepp/prism-data-layer/patterns/core/gen/prism/interfaces/lifecycle.pb.go:168.66,170.14 2 0
github.com/jrepp/prism-data-layer/patterns/core/gen/prism/interfaces/lifecycle.pb.go:170.14,172.34 2 0
github.com/jrepp/prism-data-layer/patterns/core/gen/prism/interfaces/lifecycle.pb.go:172.34,174.4 1 0
github.com/jrepp/prism-data-layer/patterns/core/gen/prism/interfaces/lifecycle.pb.go:175.3,175.12 1 0
github.com/jrepp/prism-data-layer/patterns/core/gen/prism/interfaces/lifecycle.pb.go:177.2,177.24 1 0
github.com/jrepp/prism-data-layer/patterns/core/gen/prism/interfaces/lifecycle.pb.go:181.57,183.2 1 0
github.com/jrepp/prism-data-layer/patterns/core/gen/prism/interfaces/lifecycle.pb.go:185.48,186.14 1 0
github.com/jrepp/prism-data-layer/patterns/core/gen/prism/interfaces/lifecycle.pb.go:186.14,188.3 1 0
github.com/jrepp/prism-data-layer/patterns/core/gen/prism/interfaces/lifecycle.pb.go:189.2,189.14 1 0
github.com/jrepp/prism-data-layer/patterns/core/gen/prism/interfaces/lifecycle.pb.go:192.48,193.14 1 0
github.com/jrepp/prism-data-layer/patterns/core/gen/prism/interfaces/lifecycle.pb.go:193.14,195.3 1 0
github.com/jrepp/prism-data-layer/patterns/core/gen/prism/interfaces/lifecycle.pb.go:196.2,196.11 1 0
github.com/jrepp/prism-data-layer/patterns/core/gen/prism/interfaces/lifecycle.pb.go:199.61,200.14 1 0
github.com/jrepp/prism-data-layer/patterns/core/gen/prism/interfaces/lifecycle.pb.go:200.14,202.3 1 0
github.com/jrepp/prism-data-layer/patterns/core/gen/prism/interfaces/lifecycle.pb.go:203.2,203.12 1 0
github.com/jrepp/prism-data-layer/patterns/core/gen/prism/interfaces/lifecycle.pb.go:221.35,226.2 4 0
github.com/jrepp/prism-data-layer/patterns/core/gen/prism/interfaces/lifecycle.pb.go:228.43,230.2 1 0
github.com/jrepp/prism-data-layer/patterns/core/gen/prism/interfaces/lifecycle.pb.go:232.41,232.42 0 0
github.com/jrepp/prism-data-layer/patterns/core/gen/prism/interfaces/lifecycle.pb.go:234.63,236.14 2 0
github.com/jrepp/prism-data-layer/patterns/core/gen/prism/interfaces/lifecycle.pb.go:236.14,238.34 2 0
github.com/jrepp/prism-data-layer/patterns/core/gen/prism/interfaces/lifecycle.pb.go:238.34,240.4 1 0
github.com/jrepp/prism-data-layer/patterns/core/gen/prism/interfaces/lifecycle.pb.go:241.3,241.12 1 0
github.com/jrepp/prism-data-layer/patterns/core/gen/prism/interfaces/lifecycle.pb.go:243.2,243.24 1 0
github.com/jrepp/prism-data-layer/patterns/core/gen/prism/interfaces/lifecycle.pb.go:247.54,249.2 1 0
github.com/jrepp/prism-data-layer/patterns/core/gen/prism/interfaces/lifecycle.pb.go:251.44,252.14 1 0
github.com/jrepp/prism-data-layer/patterns/core/gen/prism/interfaces/lifecycle.pb.go:252.14,254.3 1 0
github.com/jrepp/prism-data-layer/patterns/core/gen/prism/interfaces/lifecycle.pb.go:255.2,255.11 1 0
github.com/jrepp/prism-data-layer/patterns/core/gen/prism/interfaces/lifecycle.pb.go:258.47,259.14 1 0
github.com/jrepp/prism-data-layer/patterns/core/gen/prism/interfaces/lifecycle.pb.go:259.14,261.3 1 0
github.com/jrepp/prism-data-layer/patterns/core/gen/prism/interfaces/lifecycle.pb.go:262.2,262.11 1 0
github.com/jrepp/prism-data-layer/patterns/core/gen/prism/interfaces/lifecycle.pb.go:265.52,266.14 1 0
github.com/jrepp/prism-data-layer/patterns/core/gen/prism/interfaces/lifecycle.pb.go:266.14,268.3 1 0
github.com/jrepp/prism-data-layer/patterns/core/gen/prism/interfaces/lifecycle.pb.go:269.2,269.12 1 0
github.com/jrepp/prism-data-layer/patterns/core/gen/prism/interfaces/lifecycle.pb.go:272.56,273.14 1 0
github.com/jrepp/prism-data-layer/patterns/core/gen/prism/interfaces/lifecycle.pb.go:273.14,275.3 1 0
github.com/jrepp/prism-data-layer/patterns/core/gen/prism/interfaces/lifecycle.pb.go:276.2,276.12 1 0
github.com/jrepp/prism-data-layer/patterns/core/gen/prism/interfaces/lifecycle.pb.go:286.32,291.2 4 0
github.com/jrepp/prism-data-layer/patterns/core/gen/prism/interfaces/lifecycle.pb.go:293.40,295.2 1 0
github.com/jrepp/prism-data-layer/patterns/core/gen/prism/interfaces/lifecycle.pb.go:297.38,297.39 0 0
github.com/jrepp/prism-data-layer/patterns/core/gen/prism/interfaces/lifecycle.pb.go:299.60,301.14 2 0
github.com/jrepp/prism-data-layer/patterns/core/gen/prism/interfaces/lifecycle.pb.go:301.14,303.34 2 0
github.com/jrepp/prism-data-layer/patterns/core/gen/prism/interfaces/lifecycle.pb.go:303.34,305.4 1 0
github.com/jrepp/prism-data-layer/patterns/core/gen/prism/interfaces/lifecycle.pb.go:306.3,306.12 1 0
github.com/jrepp/prism-data-layer/patterns/core/gen/prism/interfaces/lifecycle.pb.go:308.2,308.24 1 0
github.com/jrepp/prism-data-layer/patterns/core/gen/prism/interfaces/lifecycle.pb.go:312.51,314.2 1 0
github.com/jrepp/prism-data-layer/patterns/core/gen/prism/interfaces/lifecycle.pb.go:329.33,334.2 4 0
github.com/jrepp/prism-data-layer/patterns/core/gen/prism/interfaces/lifecycle.pb.go:336.41,338.2 1 0
github.com/jrepp/prism-data-layer/patterns/core/gen/prism/interfaces/lifecycle.pb.go:340.39,340.40 0 0
github.com/jrepp/prism-data-layer/patterns/core/gen/prism/interfaces/lifecycle.pb.go:342.61,344.14 2 0
github.com/jrepp/prism-data-layer/patterns/core/gen/prism/interfaces/lifecycle.pb.go:344.14,346.34 2 0
github.com/jrepp/prism-data-layer/patterns/core/gen/prism/interfaces/lifecycle.pb.go:346.34,348.4 1 0
github.com/jrepp/prism-data-layer/patterns/core/gen/prism/interfaces/lifecycle.pb.go:349.3,349.12 1 0
github.com/jrepp/prism-data-layer/patterns/core/gen/prism/interfaces/lifecycle.pb.go:351.2,351.24 1 0
github.com/jrepp/prism-data-layer/patterns/core/gen/prism/interfaces/lifecycle.pb.go:355.52,357.2 1 0
[...]
github.com/jrepp/prism-data-layer/patterns/core/gen/prism/interfaces/keyvalue/keyvalue_ttl.pb.go:152.33,157.2 4 0
github.com/jrepp/prism-data-layer/patterns/core/gen/prism/interfaces/keyvalue/keyvalue_ttl.pb.go:159.41,161.2 1 0
github.com/jrepp/prism-data-layer/patterns/core/gen/prism/interfaces/keyvalue/keyvalue_ttl.pb.go:163.39,163.40 0 0
github.com/jrepp/prism-data-layer/patterns/core/gen/prism/interfaces/keyvalue/keyvalue_ttl.pb.go:165.61,167.14 2 0
github.com/jrepp/prism-data-layer/patterns/core/gen/prism/interfaces/keyvalue/keyvalue_ttl.pb.go:167.14,169.34 2 0
github.com/jrepp/prism-data-layer/patterns/core/gen/prism/interfaces/keyvalue/keyvalue_ttl.pb.go:169.34,171.4 1 0
github.com/jrepp/prism-data-layer/patterns/core/gen/prism/interfaces/keyvalue/keyvalue_ttl.pb.go:172.3,172.12 1 0
github.com/jrepp/prism-data-layer/patterns/core/gen/prism/interfaces/keyvalue/keyvalue_ttl.pb.go:174.2,174.24 1 0
github.com/jrepp/prism-data-layer/patterns/core/gen/prism/interfaces/keyvalue/keyvalue_ttl.pb.go:178.52,180.2 1 0
github.com/jrepp/prism-data-layer/patterns/core/gen/prism/interfaces/keyvalue/keyvalue_ttl.pb.go:182.41,183.14 1 0
github.com/jrepp/prism-data-layer/patterns/core/gen/prism/interfaces/keyvalue/keyvalue_ttl.pb.go:183.14,185.3 1 0
github.com/jrepp/prism-data-layer/patterns/core/gen/prism/interfaces/keyvalue/keyvalue_ttl.pb.go:186.2,186.11 1 0
github.com/jrepp/prism-data-layer/patterns/core/gen/prism/interfaces/keyvalue/keyvalue_ttl.pb.go:200.34,205.2 4 0
github.com/jrepp/prism-data-layer/patterns/core/gen/prism/interfaces/keyvalue/keyvalue_ttl.pb.go:207.42,209.2 1 0
github.com/jrepp/prism-data-layer/patterns/core/gen/prism/interfaces/keyvalue/keyvalue_ttl.pb.go:211.40,211.41 0 0
github.com/jrepp/prism-data-layer/patterns/core/gen/prism/interfaces/keyvalue/keyvalue_ttl.pb.go:213.62,215.14 2 0
github.com/jrepp/prism-data-layer/patterns/core/gen/prism/interfaces/keyvalue/keyvalue_ttl.pb.go:215.14,217.34 2 0
github.com/jrepp/prism-data-layer/patterns/core/gen/prism/interfaces/keyvalue/keyvalue_ttl.pb.go:217.34,219.4 1 0
github.com/jrepp/prism-data-layer/patterns/core/gen/prism/interfaces/keyvalue/keyvalue_ttl.pb.go:220.3,220.12 1 0
github.com/jrepp/prism-data-layer/patterns/core/gen/prism/interfaces/keyvalue/keyvalue_ttl.pb.go:222.2,222.24 1 0
github.com/jrepp/prism-data-layer/patterns/core/gen/prism/interfaces/keyvalue/keyvalue_ttl.pb.go:226.53,228.2 1 0
github.com/jrepp/prism-data-layer/patterns/core/gen/prism/interfaces/keyvalue/keyvalue_ttl.pb.go:230.48,231.14 1 0
github.com/jrepp/prism-data-layer/patterns/core/gen/prism/interfaces/keyvalue/keyvalue_ttl.pb.go:231.14,233.3 1 0
github.com/jrepp/prism-data-layer/patterns/core/gen/prism/interfaces/keyvalue/keyvalue_ttl.pb.go:234.2,234.10 1 0
github.com/jrepp/prism-data-layer/patterns/core/gen/prism/interfaces/keyvalue/keyvalue_ttl.pb.go:237.44,238.14 1 0
github.com/jrepp/prism-data-layer/patterns/core/gen/prism/interfaces/keyvalue/keyvalue_ttl.pb.go:238.14,240.3 1 0
github.com/jrepp/prism-data-layer/patterns/core/gen/prism/interfaces/keyvalue/keyvalue_ttl.pb.go:241.2,241.11 1 0
github.com/jrepp/prism-data-layer/patterns/core/gen/prism/interfaces/keyvalue/keyvalue_ttl.pb.go:253.34,258.2 4 0
github.com/jrepp/prism-data-layer/patterns/core/gen/prism/interfaces/keyvalue/keyvalue_ttl.pb.go:260.42,262.2 1 0
github.com/jrepp/prism-data-layer/patterns/core/gen/prism/interfaces/keyvalue/keyvalue_ttl.pb.go:264.40,264.41 0 0
github.com/jrepp/prism-data-layer/patterns/core/gen/prism/interfaces/keyvalue/keyvalue_ttl.pb.go:266.62,268.14 2 0
github.com/jrepp/prism-data-layer/patterns/core/gen/prism/interfaces/keyvalue/keyvalue_ttl.pb.go:268.14,270.34 2 0
github.com/jrepp/prism-data-layer/patterns/core/gen/prism/interfaces/keyvalue/keyvalue_ttl.pb.go:270.34,272.4 1 0
github.com/jrepp/prism-data-layer/patterns/core/gen/prism/interfaces/keyvalue/keyvalue_ttl.pb.go:273.3,273.12 1 0
github.com/jrepp/prism-data-layer/patterns/core/gen/prism/interfaces/keyvalue/keyvalue_ttl.pb.go:275.2,275.24 1 0
github.com/jrepp/prism-data-layer/patterns/core/gen/prism/interfaces/keyvalue/keyvalue_ttl.pb.go:279.53,281.2 1 0
github.com/jrepp/prism-data-layer/patterns/core/gen/prism/interfaces/keyvalue/keyvalue_ttl.pb.go:283.42,284.14 1 0
github.com/jrepp/prism-data-layer/patterns/core/gen/prism/interfaces/keyvalue/keyvalue_ttl.pb.go:284.14,286.3 1 0
github.com/jrepp/prism-data-layer/patterns/core/gen/prism/interfaces/keyvalue/keyvalue_ttl.pb.go:287.2,287.11 1 0
github.com/jrepp/prism-data-layer/patterns/core/gen/prism/interfaces/keyvalue/keyvalue_ttl.pb.go:303.35,308.2 4 0
github.com/jrepp/prism-data-layer/patterns/core/gen/prism/interfaces/keyvalue/keyvalue_ttl.pb.go:310.43,312.2 1 0
github.com/jrepp/prism-data-layer/patterns/core/gen/prism/interfaces/keyvalue/keyvalue_ttl.pb.go:314.41,314.42 0 0
github.com/jrepp/prism-data-layer/patterns/core/gen/prism/interfaces/keyvalue/keyvalue_ttl.pb.go:316.63,318.14 2 0
github.com/jrepp/prism-data-layer/patterns/core/gen/prism/interfaces/keyvalue/keyvalue_ttl.pb.go:318.14,320.34 2 0
github.com/jrepp/prism-data-layer/patterns/core/gen/prism/interfaces/keyvalue/keyvalue_ttl.pb.go:320.34,322.4 1 0
github.com/jrepp/prism-data-layer/patterns/core/gen/prism/interfaces/keyvalue/keyvalue_ttl.pb.go:323.3,323.12 1 0
github.com/jrepp/prism-data-layer/patterns/core/gen/prism/interfaces/keyvalue/keyvalue_ttl.pb.go:325.2,325.24 1 0
github.com/jrepp/prism-data-layer/patterns/core/gen/prism/interfaces/keyvalue/keyvalue_ttl.pb.go:329.54,331.2 1 0
github.com/jrepp/prism-data-layer/patterns/core/gen/prism/interfaces/keyvalue/keyvalue_ttl.pb.go:333.45,334.14 1 0
github.com/jrepp/prism-data-layer/patterns/core/gen/prism/interfaces/keyvalue/keyvalue_ttl.pb.go:334.14,336.3 1 0
github.com/jrepp/prism-data-layer/patterns/core/gen/prism/interfaces/keyvalue/keyvalue_ttl.pb.go:337.2,337.14 1 0
github.com/jrepp/prism-data-layer/patterns/core/gen/prism/interfaces/keyvalue/keyvalue_ttl.pb.go:340.45,341.14 1 0
github.com/jrepp/prism-data-layer/patterns/core/gen/prism/interfaces/keyvalue/keyvalue_ttl.pb.go:341.14,343.3 1 0
github.com/jrepp/prism-data-layer/patterns/core/gen/prism/interfaces/keyvalue/keyvalue_ttl.pb.go:344.2,344.11 1 0
github.com/jrepp/prism-data-layer/patterns/core/gen/prism/interfaces/keyvalue/keyvalue_ttl.pb.go:347.55,348.14 1 0
github.com/jrepp/prism-data-layer/patterns/core/gen/prism/interfaces/keyvalue/keyvalue_ttl.pb.go:348.14,350.3 1 0
github.com/jrepp/prism-data-layer/patterns/core/gen/prism/interfaces/keyvalue/keyvalue_ttl.pb.go:351.2,351.14 1 0
github.com/jrepp/prism-data-layer/patterns/core/gen/prism/interfaces/keyvalue/keyvalue_ttl.pb.go:391.77,392.74 1 0
github.com/jrepp/prism-data-layer/patterns/core/gen/prism/interfaces/keyvalue/keyvalue_ttl.pb.go:392.74,394.3 1 0
github.com/jrepp/prism-data-layer/patterns/core/gen/prism/interfaces/keyvalue/keyvalue_ttl.pb.go:395.2,395.70 1 0
github.com/jrepp/prism-data-layer/patterns/core/gen/prism/interfaces/keyvalue/keyvalue_ttl.pb.go:421.13,421.73 1 1
github.com/jrepp/prism-data-layer/patterns/core/gen/prism/interfaces/keyvalue/keyvalue_ttl.pb.go:422.63,423.62 1 1
github.com/jrepp/prism-data-layer/patterns/core/gen/prism/interfaces/keyvalue/keyvalue_ttl.pb.go:423.62,425.3 1 0
github.com/jrepp/prism-data-layer/patterns/core/gen/prism/interfaces/keyvalue/keyvalue_ttl.pb.go:426.2,442.65 5 1
github.com/jrepp/prism-data-layer/patterns/core/gen/prism/interfaces/keyvalue/keyvalue_ttl_grpc.pb.go:51.92,53.2 1 0
github.com/jrepp/prism-data-layer/patterns/core/gen/prism/interfaces/keyvalue/keyvalue_ttl_grpc.pb.go:55.135,59.16 4 0
github.com/jrepp/prism-data-layer/patterns/core/gen/prism/interfaces/keyvalue/keyvalue_ttl_grpc.pb.go:59.16,61.3 1 0
github.com/jrepp/prism-data-layer/patterns/core/gen/prism/interfaces/keyvalue/keyvalue_ttl_grpc.pb.go:62.2,62.17 1 0
github.com/jrepp/prism-data-layer/patterns/core/gen/prism/interfaces/keyvalue/keyvalue_ttl_grpc.pb.go:65.135,69.16 4 0
github.com/jrepp/prism-data-layer/patterns/core/gen/prism/interfaces/keyvalue/keyvalue_ttl_grpc.pb.go:69.16,71.3 1 0
github.com/jrepp/prism-data-layer/patterns/core/gen/prism/interfaces/keyvalue/keyvalue_ttl_grpc.pb.go:72.2,72.17 1 0
github.com/jrepp/prism-data-layer/patterns/core/gen/prism/interfaces/keyvalue/keyvalue_ttl_grpc.pb.go:75.138,79.16 4 0
github.com/jrepp/prism-data-layer/patterns/core/gen/prism/interfaces/keyvalue/keyvalue_ttl_grpc.pb.go:79.16,81.3 1 0
github.com/jrepp/prism-data-layer/patterns/core/gen/prism/interfaces/keyvalue/keyvalue_ttl_grpc.pb.go:82.2,82.17 1 0
github.com/jrepp/prism-data-layer/patterns/core/gen/prism/interfaces/keyvalue/keyvalue_ttl_grpc.pb.go:113.113,115.2 1 0
github.com/jrepp/prism-data-layer/patterns/core/gen/prism/interfaces/keyvalue/keyvalue_ttl_grpc.pb.go:116.113,118.2 1 0
github.com/jrepp/prism-data-layer/patterns/core/gen/prism/interfaces/keyvalue/keyvalue_ttl_grpc.pb.go:119.116,121.2 1 0
github.com/jrepp/prism-data-layer/patterns/core/gen/prism/interfaces/keyvalue/keyvalue_ttl_grpc.pb.go:122.100,122.101 0 0
github.com/jrepp/prism-data-layer/patterns/core/gen/prism/interfaces/keyvalue/keyvalue_ttl_grpc.pb.go:123.100,123.101 0 0
github.com/jrepp/prism-data-layer/patterns/core/gen/prism/interfaces/keyvalue/keyvalue_ttl_grpc.pb.go:132.98,137.59 1 0
github.com/jrepp/prism-data-layer/patterns/core/gen/prism/interfaces/keyvalue/keyvalue_ttl_grpc.pb.go:137.59,139.3 1 0
github.com/jrepp/prism-data-layer/patterns/core/gen/prism/interfaces/keyvalue/keyvalue_ttl_grpc.pb.go:140.2,140.59 1 0
github.com/jrepp/prism-data-layer/patterns/core/gen/prism/interfaces/keyvalue/keyvalue_ttl_grpc.pb.go:143.172,145.32 2 0
github.com/jrepp/prism-data-layer/patterns/core/gen/prism/interfaces/keyvalue/keyvalue_ttl_grpc.pb.go:145.32,147.3 1 0
github.com/jrepp/prism-data-layer/patterns/core/gen/prism/interfaces/keyvalue/keyvalue_ttl_grpc.pb.go:148.2,148.24 1 0
github.com/jrepp/prism-data-layer/patterns/core/gen/prism/interfaces/keyvalue/keyvalue_ttl_grpc.pb.go:148.24,150.3 1 0
github.com/jrepp/prism-data-layer/patterns/core/gen/prism/interfaces/keyvalue/keyvalue_ttl_grpc.pb.go:151.2,155.77 2 0
github.com/jrepp/prism-data-layer/patterns/core/gen/prism/interfaces/keyvalue/keyvalue_ttl_grpc.pb.go:155.77,157.3 1 0
github.com/jrepp/prism-data-layer/patterns/core/gen/prism/interfaces/keyvalue/keyvalue_ttl_grpc.pb.go:158.2,158.44 1 0
github.com/jrepp/prism-data-layer/patterns/core/gen/prism/interfaces/keyvalue/keyvalue_ttl_grpc.pb.go:161.172,163.32 2 0
github.com/jrepp/prism-data-layer/patterns/core/gen/prism/interfaces/keyvalue/keyvalue_ttl_grpc.pb.go:163.32,165.3 1 0
github.com/jrepp/prism-data-layer/patterns/core/gen/prism/interfaces/keyvalue/keyvalue_ttl_grpc.pb.go:166.2,166.24 1 0
github.com/jrepp/prism-data-layer/patterns/core/gen/prism/interfaces/keyvalue/keyvalue_ttl_grpc.pb.go:166.24,168.3 1 0
github.com/jrepp/prism-data-layer/patterns/core/gen/prism/interfaces/keyvalue/keyvalue_ttl_grpc.pb.go:169.2,173.77 2 0
github.com/jrepp/prism-data-layer/patterns/core/gen/prism/interfaces/keyvalue/keyvalue_ttl_grpc.pb.go:173.77,175.3 1 0
github.com/jrepp/prism-data-layer/patterns/core/gen/prism/interfaces/keyvalue/keyvalue_ttl_grpc.pb.go:176.2,176.44 1 0
github.com/jrepp/prism-data-layer/patterns/core/gen/prism/interfaces/keyvalue/keyvalue_ttl_grpc.pb.go:179.173,181.32 2 0
github.com/jrepp/prism-data-layer/patterns/core/gen/prism/interfaces/keyvalue/keyvalue_ttl_grpc.pb.go:181.32,183.3 1 0
github.com/jrepp/prism-data-layer/patterns/core/gen/prism/interfaces/keyvalue/keyvalue_ttl_grpc.pb.go:184.2,184.24 1 0
github.com/jrepp/prism-data-layer/patterns/core/gen/prism/interfaces/keyvalue/keyvalue_ttl_grpc.pb.go:184.24,186.3 1 0
github.com/jrepp/prism-data-layer/patterns/core/gen/prism/interfaces/keyvalue/keyvalue_ttl_grpc.pb.go:187.2,191.77 2 0
github.com/jrepp/prism-data-layer/patterns/core/gen/prism/interfaces/keyvalue/keyvalue_ttl_grpc.pb.go:191.77,193.3 1 0
github.com/jrepp/prism-data-layer/patterns/core/gen/prism/interfaces/keyvalue/keyvalue_ttl_grpc.pb.go:194.2,194.44 1 0
github.com/jrepp/prism-data-layer/patterns/memstore/memstore.go:29.22,35.2 1 1
github.com/jrepp/prism-data-layer/patterns/memstore/memstore.go:38.34,40.2 1 0
github.com/jrepp/prism-data-layer/patterns/memstore/memstore.go:43.37,45.2 1 0
github.com/jrepp/prism-data-layer/patterns/memstore/memstore.go:48.79,51.64 2 1
github.com/jrepp/prism-data-layer/patterns/memstore/memstore.go:51.64,53.3 1 0
github.com/jrepp/prism-data-layer/patterns/memstore/memstore.go:56.2,56.32 1 1
github.com/jrepp/prism-data-layer/patterns/memstore/memstore.go:56.32,58.3 1 0
github.com/jrepp/prism-data-layer/patterns/memstore/memstore.go:59.2,59.38 1 1
github.com/jrepp/prism-data-layer/patterns/memstore/memstore.go:59.38,61.3 1 0
github.com/jrepp/prism-data-layer/patterns/memstore/memstore.go:63.2,65.12 2 1
github.com/jrepp/prism-data-layer/patterns/memstore/memstore.go:69.53,77.2 4 1
github.com/jrepp/prism-data-layer/patterns/memstore/memstore.go:80.52,82.49 1 1
github.com/jrepp/prism-data-layer/patterns/memstore/memstore.go:82.49,85.3 2 1
github.com/jrepp/prism-data-layer/patterns/memstore/memstore.go:86.2,86.48 1 1
github.com/jrepp/prism-data-layer/patterns/memstore/memstore.go:86.48,89.3 2 1
github.com/jrepp/prism-data-layer/patterns/memstore/memstore.go:90.2,90.12 1 1
github.com/jrepp/prism-data-layer/patterns/memstore/memstore.go:94.76,96.49 2 0
github.com/jrepp/prism-data-layer/patterns/memstore/memstore.go:96.49,99.3 2 0
github.com/jrepp/prism-data-layer/patterns/memstore/memstore.go:101.2,104.53 3 0
github.com/jrepp/prism-data-layer/patterns/memstore/memstore.go:104.53,107.3 2 0
github.com/jrepp/prism-data-layer/patterns/memstore/memstore.go:109.2,113.21 2 0
github.com/jrepp/prism-data-layer/patterns/memstore/memstore.go:113.21,115.3 1 0
github.com/jrepp/prism-data-layer/patterns/memstore/memstore.go:117.2,121.8 1 0
github.com/jrepp/prism-data-layer/patterns/memstore/memstore.go:125.74,127.21 1 1
github.com/jrepp/prism-data-layer/patterns/memstore/memstore.go:127.21,129.44 2 1
github.com/jrepp/prism-data-layer/patterns/memstore/memstore.go:129.44,132.4 2 1
github.com/jrepp/prism-data-layer/patterns/memstore/memstore.go:134.3,134.35 1 1
github.com/jrepp/prism-data-layer/patterns/memstore/memstore.go:134.35,136.15 2 0
github.com/jrepp/prism-data-layer/patterns/memstore/memstore.go:136.15,138.5 1 0
github.com/jrepp/prism-data-layer/patterns/memstore/memstore.go:142.2,144.20 2 1
github.com/jrepp/prism-data-layer/patterns/memstore/memstore.go:144.20,147.3 2 1
github.com/jrepp/prism-data-layer/patterns/memstore/memstore.go:147.8,149.3 1 1
github.com/jrepp/prism-data-layer/patterns/memstore/memstore.go:151.2,151.12 1 1
github.com/jrepp/prism-data-layer/patterns/memstore/memstore.go:155.58,157.36 1 1
github.com/jrepp/prism-data-layer/patterns/memstore/memstore.go:157.36,158.40 1 1
github.com/jrepp/prism-data-layer/patterns/memstore/memstore.go:158.40,162.4 3 1
github.com/jrepp/prism-data-layer/patterns/memstore/memstore.go:165.2,166.9 2 1
github.com/jrepp/prism-data-layer/patterns/memstore/memstore.go:166.9,168.3 1 1
github.com/jrepp/prism-data-layer/patterns/memstore/memstore.go:170.2,170.34 1 1
github.com/jrepp/prism-data-layer/patterns/memstore/memstore.go:174.45,178.2 3 1
github.com/jrepp/prism-data-layer/patterns/memstore/memstore.go:181.53,183.36 1 1
github.com/jrepp/prism-data-layer/patterns/memstore/memstore.go:183.36,184.40 1 1
github.com/jrepp/prism-data-layer/patterns/memstore/memstore.go:184.40,188.4 3 1
github.com/jrepp/prism-data-layer/patterns/memstore/memstore.go:191.2,192.16 2 1
github.com/jrepp/prism-data-layer/patterns/memstore/memstore.go:196.60,200.6 3 1
github.com/jrepp/prism-data-layer/patterns/memstore/memstore.go:200.6,201.10 1 1
github.com/jrepp/prism-data-layer/patterns/memstore/memstore.go:202.21,203.10 1 0
github.com/jrepp/prism-data-layer/patterns/memstore/memstore.go:204.19,205.10 1 0
github.com/jrepp/prism-data-layer/patterns/memstore/memstore.go:206.19,208.50 2 1
github.com/jrepp/prism-data-layer/patterns/memstore/memstore.go:208.50,210.30 2 1
github.com/jrepp/prism-data-layer/patterns/memstore/memstore.go:210.30,213.6 2 0
github.com/jrepp/prism-data-layer/patterns/memstore/memstore.go:214.5,214.16 1 1
github.com/jrepp/prism-data-layer/patterns/memstore/memstore.go:229.65,236.2 2 0
github.com/jrepp/prism-data-layer/patterns/memstore/memstore.go:239.46,245.2 1 0
github.com/jrepp/prism-data-layer/patterns/redis/redis.go:34.26,39.2 1 1
github.com/jrepp/prism-data-layer/patterns/redis/redis.go:42.38,44.2 1 0
github.com/jrepp/prism-data-layer/patterns/redis/redis.go:47.41,49.2 1 0
github.com/jrepp/prism-data-layer/patterns/redis/redis.go:52.83,55.64 2 1
github.com/jrepp/prism-data-layer/patterns/redis/redis.go:55.64,57.3 1 0
github.com/jrepp/prism-data-layer/patterns/redis/redis.go:60.2,60.33 1 1
github.com/jrepp/prism-data-layer/patterns/redis/redis.go:60.33,62.3 1 0
github.com/jrepp/prism-data-layer/patterns/redis/redis.go:65.2,65.79 1 1
github.com/jrepp/prism-data-layer/patterns/redis/redis.go:65.79,67.3 1 0
github.com/jrepp/prism-data-layer/patterns/redis/redis.go:67.8,67.87 1 1
github.com/jrepp/prism-data-layer/patterns/redis/redis.go:67.87,69.3 1 0
github.com/jrepp/prism-data-layer/patterns/redis/redis.go:71.2,71.35 1 1
github.com/jrepp/prism-data-layer/patterns/redis/redis.go:71.35,73.3 1 1
github.com/jrepp/prism-data-layer/patterns/redis/redis.go:74.2,74.33 1 1
github.com/jrepp/prism-data-layer/patterns/redis/redis.go:74.33,76.3 1 1
github.com/jrepp/prism-data-layer/patterns/redis/redis.go:77.2,77.40 1 1
github.com/jrepp/prism-data-layer/patterns/redis/redis.go:77.40,79.3 1 1
github.com/jrepp/prism-data-layer/patterns/redis/redis.go:80.2,80.36 1 1
github.com/jrepp/prism-data-layer/patterns/redis/redis.go:80.36,82.3 1 1
github.com/jrepp/prism-data-layer/patterns/redis/redis.go:83.2,83.36 1 1
github.com/jrepp/prism-data-layer/patterns/redis/redis.go:83.36,85.3 1 1
github.com/jrepp/prism-data-layer/patterns/redis/redis.go:86.2,86.37 1 1
github.com/jrepp/prism-data-layer/patterns/redis/redis.go:86.37,88.3 1 1
github.com/jrepp/prism-data-layer/patterns/redis/redis.go:90.2,106.49 3 1
github.com/jrepp/prism-data-layer/patterns/redis/redis.go:106.49,108.3 1 0
github.com/jrepp/prism-data-layer/patterns/redis/redis.go:110.2,110.12 1 1
github.com/jrepp/prism-data-layer/patterns/redis/redis.go:114.57,117.2 1 1
github.com/jrepp/prism-data-layer/patterns/redis/redis.go:120.56,121.21 1 1
github.com/jrepp/prism-data-layer/patterns/redis/redis.go:121.21,123.3 1 1
github.com/jrepp/prism-data-layer/patterns/redis/redis.go:124.2,124.12 1 0
github.com/jrepp/prism-data-layer/patterns/redis/redis.go:128.80,130.49 1 1
github.com/jrepp/prism-data-layer/patterns/redis/redis.go:130.49,138.3 1 0
github.com/jrepp/prism-data-layer/patterns/redis/redis.go:141.2,147.58 4 1
github.com/jrepp/prism-data-layer/patterns/redis/redis.go:147.58,150.3 2 0
github.com/jrepp/prism-data-layer/patterns/redis/redis.go:152.2,160.8 1 1
github.com/jrepp/prism-data-layer/patterns/redis/redis.go:164.78,167.20 2 1
github.com/jrepp/prism-data-layer/patterns/redis/redis.go:167.20,170.3 2 1
github.com/jrepp/prism-data-layer/patterns/redis/redis.go:172.2,172.47 1 1
github.com/jrepp/prism-data-layer/patterns/redis/redis.go:176.62,180.22 3 1
github.com/jrepp/prism-data-layer/patterns/redis/redis.go:180.22,182.3 1 1
github.com/jrepp/prism-data-layer/patterns/redis/redis.go:183.2,183.16 1 1
github.com/jrepp/prism-data-layer/patterns/redis/redis.go:183.16,185.3 1 0
github.com/jrepp/prism-data-layer/patterns/redis/redis.go:187.2,187.25 1 1
github.com/jrepp/prism-data-layer/patterns/redis/redis.go:191.49,194.2 2 1
github.com/jrepp/prism-data-layer/patterns/redis/redis.go:197.57,201.16 3 1
github.com/jrepp/prism-data-layer/patterns/redis/redis.go:201.16,203.3 1 0
github.com/jrepp/prism-data-layer/patterns/redis/redis.go:205.2,205.23 1 1
github.com/jrepp/prism-data-layer/patterns/redis/redis.go:217.69,224.2 2 0
github.com/jrepp/prism-data-layer/patterns/redis/redis.go:227.50,233.2 1 0
