mode: set
github.com/jrepp/prism-data-layer/patterns/nats/cmd/nats/main.go:13.13,30.16 8 0
github.com/jrepp/prism-data-layer/patterns/nats/cmd/nats/main.go:30.16,51.3 2 0
github.com/jrepp/prism-data-layer/patterns/nats/cmd/nats/main.go:54.2,54.20 1 0
github.com/jrepp/prism-data-layer/patterns/nats/cmd/nats/main.go:54.20,59.3 2 0
github.com/jrepp/prism-data-layer/patterns/nats/cmd/nats/main.go:62.2,65.65 2 0
github.com/jrepp/prism-data-layer/patterns/nats/cmd/nats/main.go:65.65,68.3 2 0
github.com/jrepp/prism-data-layer/patterns/nats/nats.go:35.24,41.2 1 1
github.com/jrepp/prism-data-layer/patterns/nats/nats.go:44.37,46.2 1 0
github.com/jrepp/prism-data-layer/patterns/nats/nats.go:49.40,51.2 1 0
github.com/jrepp/prism-data-layer/patterns/nats/nats.go:54.82,57.64 2 1
github.com/jrepp/prism-data-layer/patterns/nats/nats.go:57.64,59.3 1 0
github.com/jrepp/prism-data-layer/patterns/nats/nats.go:62.2,62.29 1 1
github.com/jrepp/prism-data-layer/patterns/nats/nats.go:62.29,64.3 1 0
github.com/jrepp/prism-data-layer/patterns/nats/nats.go:65.2,65.38 1 1
github.com/jrepp/prism-data-layer/patterns/nats/nats.go:65.38,67.3 1 0
github.com/jrepp/prism-data-layer/patterns/nats/nats.go:68.2,68.38 1 1
github.com/jrepp/prism-data-layer/patterns/nats/nats.go:68.38,70.3 1 0
github.com/jrepp/prism-data-layer/patterns/nats/nats.go:71.2,71.32 1 1
github.com/jrepp/prism-data-layer/patterns/nats/nats.go:71.32,73.3 1 0
github.com/jrepp/prism-data-layer/patterns/nats/nats.go:74.2,74.37 1 1
github.com/jrepp/prism-data-layer/patterns/nats/nats.go:74.37,76.3 1 0
github.com/jrepp/prism-data-layer/patterns/nats/nats.go:77.2,77.39 1 1
github.com/jrepp/prism-data-layer/patterns/nats/nats.go:77.39,79.3 1 0
github.com/jrepp/prism-data-layer/patterns/nats/nats.go:81.2,92.45 4 1
github.com/jrepp/prism-data-layer/patterns/nats/nats.go:92.45,94.4 1 0
github.com/jrepp/prism-data-layer/patterns/nats/nats.go:95.60,97.4 1 1
github.com/jrepp/prism-data-layer/patterns/nats/nats.go:100.2,101.16 2 1
github.com/jrepp/prism-data-layer/patterns/nats/nats.go:101.16,103.3 1 0
github.com/jrepp/prism-data-layer/patterns/nats/nats.go:105.2,107.12 2 1
github.com/jrepp/prism-data-layer/patterns/nats/nats.go:111.56,115.2 1 1
github.com/jrepp/prism-data-layer/patterns/nats/nats.go:118.55,123.33 3 1
github.com/jrepp/prism-data-layer/patterns/nats/nats.go:123.33,124.43 1 0
github.com/jrepp/prism-data-layer/patterns/nats/nats.go:124.43,126.4 1 0
github.com/jrepp/prism-data-layer/patterns/nats/nats.go:127.3,127.24 1 0
github.com/jrepp/prism-data-layer/patterns/nats/nats.go:131.2,131.19 1 1
github.com/jrepp/prism-data-layer/patterns/nats/nats.go:131.19,132.40 1 1
github.com/jrepp/prism-data-layer/patterns/nats/nats.go:132.40,134.4 1 0
github.com/jrepp/prism-data-layer/patterns/nats/nats.go:135.3,135.17 1 1
github.com/jrepp/prism-data-layer/patterns/nats/nats.go:138.2,138.12 1 1
github.com/jrepp/prism-data-layer/patterns/nats/nats.go:142.79,143.19 1 1
github.com/jrepp/prism-data-layer/patterns/nats/nats.go:143.19,148.3 1 0
github.com/jrepp/prism-data-layer/patterns/nats/nats.go:150.2,152.16 2 1
github.com/jrepp/prism-data-layer/patterns/nats/nats.go:153.22,170.9 5 1
github.com/jrepp/prism-data-layer/patterns/nats/nats.go:171.25,175.9 1 0
github.com/jrepp/prism-data-layer/patterns/nats/nats.go:176.10,180.9 1 1
github.com/jrepp/prism-data-layer/patterns/nats/nats.go:185.126,186.19 1 1
github.com/jrepp/prism-data-layer/patterns/nats/nats.go:186.19,188.3 1 1
github.com/jrepp/prism-data-layer/patterns/nats/nats.go:191.2,191.55 1 1
github.com/jrepp/prism-data-layer/patterns/nats/nats.go:191.55,193.3 1 0
github.com/jrepp/prism-data-layer/patterns/nats/nats.go:196.2,196.62 1 1
github.com/jrepp/prism-data-layer/patterns/nats/nats.go:196.62,198.3 1 0
github.com/jrepp/prism-data-layer/patterns/nats/nats.go:201.2,203.23 2 1
github.com/jrepp/prism-data-layer/patterns/nats/nats.go:207.114,208.19 1 1
github.com/jrepp/prism-data-layer/patterns/nats/nats.go:208.19,210.3 1 1
github.com/jrepp/prism-data-layer/patterns/nats/nats.go:213.2,216.58 2 1
github.com/jrepp/prism-data-layer/patterns/nats/nats.go:216.58,217.10 1 1
github.com/jrepp/prism-data-layer/patterns/nats/nats.go:223.5,223.5 0 1
github.com/jrepp/prism-data-layer/patterns/nats/nats.go:224.21,225.10 1 0
github.com/jrepp/prism-data-layer/patterns/nats/nats.go:226.11,228.79 1 0
github.com/jrepp/prism-data-layer/patterns/nats/nats.go:232.2,232.16 1 1
github.com/jrepp/prism-data-layer/patterns/nats/nats.go:232.16,235.3 2 0
github.com/jrepp/prism-data-layer/patterns/nats/nats.go:238.2,243.21 5 1
github.com/jrepp/prism-data-layer/patterns/nats/nats.go:247.97,253.13 5 1
github.com/jrepp/prism-data-layer/patterns/nats/nats.go:253.13,255.3 1 1
github.com/jrepp/prism-data-layer/patterns/nats/nats.go:257.2,257.42 1 1
github.com/jrepp/prism-data-layer/patterns/nats/nats.go:257.42,259.3 1 0
github.com/jrepp/prism-data-layer/patterns/nats/nats.go:261.2,262.12 2 1
