mode: set
github.com/prism/patterns/multicast_registry/config.go:61.30,81.2 1 1
github.com/prism/patterns/multicast_registry/coordinator.go:32.25,33.19 1 1
github.com/prism/patterns/multicast_registry/coordinator.go:33.19,35.3 1 0
github.com/prism/patterns/multicast_registry/coordinator.go:37.2,37.21 1 1
github.com/prism/patterns/multicast_registry/coordinator.go:37.21,39.3 1 0
github.com/prism/patterns/multicast_registry/coordinator.go:41.2,41.22 1 1
github.com/prism/patterns/multicast_registry/coordinator.go:41.22,43.3 1 0
github.com/prism/patterns/multicast_registry/coordinator.go:45.2,58.15 4 1
github.com/prism/patterns/multicast_registry/coordinator.go:62.128,67.49 3 1
github.com/prism/patterns/multicast_registry/coordinator.go:67.49,69.3 1 1
github.com/prism/patterns/multicast_registry/coordinator.go:72.2,72.79 1 1
github.com/prism/patterns/multicast_registry/coordinator.go:72.79,74.3 1 0
github.com/prism/patterns/multicast_registry/coordinator.go:77.2,85.13 3 1
github.com/prism/patterns/multicast_registry/coordinator.go:85.13,88.3 2 1
github.com/prism/patterns/multicast_registry/coordinator.go:91.2,91.69 1 1
github.com/prism/patterns/multicast_registry/coordinator.go:91.69,93.3 1 0
github.com/prism/patterns/multicast_registry/coordinator.go:96.2,98.12 2 1
github.com/prism/patterns/multicast_registry/coordinator.go:102.91,108.34 4 1
github.com/prism/patterns/multicast_registry/coordinator.go:108.34,111.3 1 0
github.com/prism/patterns/multicast_registry/coordinator.go:114.2,116.40 2 1
github.com/prism/patterns/multicast_registry/coordinator.go:116.40,118.73 1 1
github.com/prism/patterns/multicast_registry/coordinator.go:118.73,119.12 1 0
github.com/prism/patterns/multicast_registry/coordinator.go:123.3,123.57 1 1
github.com/prism/patterns/multicast_registry/coordinator.go:123.57,125.4 1 1
github.com/prism/patterns/multicast_registry/coordinator.go:128.2,128.21 1 1
github.com/prism/patterns/multicast_registry/coordinator.go:132.114,135.16 2 1
github.com/prism/patterns/multicast_registry/coordinator.go:135.16,137.3 1 0
github.com/prism/patterns/multicast_registry/coordinator.go:139.2,144.23 2 1
github.com/prism/patterns/multicast_registry/coordinator.go:144.23,146.3 1 0
github.com/prism/patterns/multicast_registry/coordinator.go:149.2,152.35 3 1
github.com/prism/patterns/multicast_registry/coordinator.go:152.35,154.25 2 1
github.com/prism/patterns/multicast_registry/coordinator.go:154.25,162.77 5 1
github.com/prism/patterns/multicast_registry/coordinator.go:162.77,163.20 1 1
github.com/prism/patterns/multicast_registry/coordinator.go:163.20,165.6 1 0
github.com/prism/patterns/multicast_registry/coordinator.go:167.5,168.19 2 1
github.com/prism/patterns/multicast_registry/coordinator.go:168.19,175.6 2 1
github.com/prism/patterns/multicast_registry/coordinator.go:176.5,176.18 1 0
github.com/prism/patterns/multicast_registry/coordinator.go:180.4,185.5 1 0
github.com/prism/patterns/multicast_registry/coordinator.go:190.2,194.34 3 1
github.com/prism/patterns/multicast_registry/coordinator.go:194.34,196.47 2 1
github.com/prism/patterns/multicast_registry/coordinator.go:196.47,198.4 1 1
github.com/prism/patterns/multicast_registry/coordinator.go:198.9,200.4 1 0
github.com/prism/patterns/multicast_registry/coordinator.go:203.2,203.22 1 1
github.com/prism/patterns/multicast_registry/coordinator.go:207.78,212.50 3 1
github.com/prism/patterns/multicast_registry/coordinator.go:212.50,215.3 1 0
github.com/prism/patterns/multicast_registry/coordinator.go:218.2,218.57 1 1
github.com/prism/patterns/multicast_registry/coordinator.go:218.57,220.3 1 0
github.com/prism/patterns/multicast_registry/coordinator.go:223.2,225.12 2 1
github.com/prism/patterns/multicast_registry/coordinator.go:229.37,237.43 4 1
github.com/prism/patterns/multicast_registry/coordinator.go:237.43,239.3 1 0
github.com/prism/patterns/multicast_registry/coordinator.go:241.2,241.44 1 1
github.com/prism/patterns/multicast_registry/coordinator.go:241.44,243.3 1 0
github.com/prism/patterns/multicast_registry/coordinator.go:245.2,245.25 1 1
github.com/prism/patterns/multicast_registry/coordinator.go:245.25,246.46 1 0
github.com/prism/patterns/multicast_registry/coordinator.go:246.46,248.4 1 0
github.com/prism/patterns/multicast_registry/coordinator.go:251.2,251.19 1 1
github.com/prism/patterns/multicast_registry/coordinator.go:251.19,253.3 1 0
github.com/prism/patterns/multicast_registry/coordinator.go:255.2,255.12 1 1
github.com/prism/patterns/multicast_registry/coordinator.go:259.61,261.18 2 1
github.com/prism/patterns/multicast_registry/coordinator.go:261.18,263.3 1 1
github.com/prism/patterns/multicast_registry/coordinator.go:264.2,264.26 1 1
github.com/prism/patterns/multicast_registry/coordinator.go:268.50,274.6 4 1
github.com/prism/patterns/multicast_registry/coordinator.go:274.6,275.10 1 1
github.com/prism/patterns/multicast_registry/coordinator.go:276.19,277.22 1 0
github.com/prism/patterns/multicast_registry/coordinator.go:278.24,279.10 1 1
github.com/prism/patterns/multicast_registry/coordinator.go:285.40,292.41 5 0
github.com/prism/patterns/multicast_registry/coordinator.go:292.41,293.66 1 0
github.com/prism/patterns/multicast_registry/coordinator.go:293.66,295.4 1 0
github.com/prism/patterns/multicast_registry/coordinator.go:299.2,300.29 2 0
github.com/prism/patterns/multicast_registry/coordinator.go:300.29,303.3 2 0
github.com/prism/patterns/multicast_registry/coordinator.go:305.2,305.22 1 0
github.com/prism/patterns/multicast_registry/coordinator.go:305.22,308.3 1 0
github.com/prism/patterns/multicast_registry/mocks.go:17.52,21.2 1 1
github.com/prism/patterns/multicast_registry/mocks.go:23.131,35.13 5 1
github.com/prism/patterns/multicast_registry/mocks.go:35.13,38.3 2 1
github.com/prism/patterns/multicast_registry/mocks.go:40.2,41.12 2 1
github.com/prism/patterns/multicast_registry/mocks.go:44.92,49.13 4 1
github.com/prism/patterns/multicast_registry/mocks.go:49.13,51.3 1 1
github.com/prism/patterns/multicast_registry/mocks.go:54.2,54.60 1 1
github.com/prism/patterns/multicast_registry/mocks.go:54.60,56.3 1 0
github.com/prism/patterns/multicast_registry/mocks.go:58.2,58.16 1 1
github.com/prism/patterns/multicast_registry/mocks.go:61.78,68.28 5 0
github.com/prism/patterns/multicast_registry/mocks.go:68.28,70.54 1 0
github.com/prism/patterns/multicast_registry/mocks.go:70.54,71.12 1 0
github.com/prism/patterns/multicast_registry/mocks.go:73.3,73.32 1 0
github.com/prism/patterns/multicast_registry/mocks.go:76.2,76.21 1 0
github.com/prism/patterns/multicast_registry/mocks.go:79.82,85.2 4 1
github.com/prism/patterns/multicast_registry/mocks.go:87.99,91.2 1 1
github.com/prism/patterns/multicast_registry/mocks.go:93.45,95.2 1 1
github.com/prism/patterns/multicast_registry/mocks.go:104.54,108.2 1 1
github.com/prism/patterns/multicast_registry/mocks.go:110.97,116.2 4 1
github.com/prism/patterns/multicast_registry/mocks.go:118.100,121.2 1 0
github.com/prism/patterns/multicast_registry/mocks.go:123.85,125.2 1 0
github.com/prism/patterns/multicast_registry/mocks.go:127.46,129.2 1 1
github.com/prism/patterns/multicast_registry/mocks.go:132.68,137.2 3 0
github.com/prism/patterns/multicast_registry/mocks.go:140.68,145.2 3 0
github.com/prism/patterns/multicast_registry/slots.go:81.59,85.2 1 1
github.com/prism/patterns/multicast_registry/slots.go:88.64,89.40 1 1
github.com/prism/patterns/multicast_registry/slots.go:89.40,91.3 1 0
github.com/prism/patterns/multicast_registry/slots.go:94.2,94.47 1 1
github.com/prism/patterns/multicast_registry/slots.go:94.47,96.14 2 1
github.com/prism/patterns/multicast_registry/slots.go:96.14,98.4 1 0
github.com/prism/patterns/multicast_registry/slots.go:100.3,100.35 1 1
github.com/prism/patterns/multicast_registry/slots.go:100.35,102.4 1 1
github.com/prism/patterns/multicast_registry/slots.go:105.2,105.13 1 1
github.com/prism/patterns/multicast_registry/slots.go:126.41,127.11 1 0
github.com/prism/patterns/multicast_registry/slots.go:128.31,129.21 1 0
github.com/prism/patterns/multicast_registry/slots.go:130.29,131.19 1 0
github.com/prism/patterns/multicast_registry/slots.go:132.28,133.18 1 0
github.com/prism/patterns/multicast_registry/slots.go:134.29,135.19 1 0
github.com/prism/patterns/multicast_registry/slots.go:136.10,137.19 1 0
